[2m2022-04-08 15:33:40.627[0;39m [[32m INFO[0;39m] [35m19536[0;39m [2m[           main ][0;39m [32mnet.mingsoft.MSApplication[0;39m:55 [2m:[0;39m Starting MSApplication on yb with PID 19536 (D:\aa\MCMS-master\MCMS-master\target\classes started by Administrator in D:\aa\MCMS-master\MCMS-master)
[2m2022-04-08 15:33:40.636[0;39m [[32mDEBUG[0;39m] [35m19536[0;39m [2m[           main ][0;39m [32mnet.mingsoft.MSApplication[0;39m:56 [2m:[0;39m Running with Spring Boot v2.3.12.RELEASE, Spring v5.2.15.RELEASE
[2m2022-04-08 15:33:40.637[0;39m [[32m INFO[0;39m] [35m19536[0;39m [2m[           main ][0;39m [32mnet.mingsoft.MSApplication[0;39m:652 [2m:[0;39m The following profiles are active: dev
[2m2022-04-08 15:33:43.125[0;39m [[32m INFO[0;39m] [35m19536[0;39m [2m[           main ][0;39m [32mcom.alibaba.druid.spring.boot.autoconfigure.DruidDataSourceAutoConfigure[0;39m:56 [2m:[0;39m Init DruidDataSource
[2m2022-04-08 15:33:43.234[0;39m [[32m INFO[0;39m] [35m19536[0;39m [2m[           main ][0;39m [32mcom.alibaba.druid.pool.DruidDataSource[0;39m:998 [2m:[0;39m {dataSource-1} inited
[2m2022-04-08 15:33:44.075[0;39m [[33m WARN[0;39m] [35m19536[0;39m [2m[           main ][0;39m [33mcom.baomidou.mybatisplus.core.injector.AbstractMethod[0;39m:323 [2m:[0;39m [net.mingsoft.basic.dao.IManagerDao.delete] Has been loaded by XML or SqlProvider or Mybatis's Annotation, so ignoring this injection for [class com.baomidou.mybatisplus.core.injector.methods.Delete]
[2m2022-04-08 15:33:44.213[0;39m [[33m WARN[0;39m] [35m19536[0;39m [2m[           main ][0;39m [33mcom.baomidou.mybatisplus.core.injector.AbstractMethod[0;39m:323 [2m:[0;39m [net.mingsoft.basic.dao.IModelDao.delete] Has been loaded by XML or SqlProvider or Mybatis's Annotation, so ignoring this injection for [class com.baomidou.mybatisplus.core.injector.methods.Delete]
[2m2022-04-08 15:33:44.260[0;39m [[33m WARN[0;39m] [35m19536[0;39m [2m[           main ][0;39m [33mcom.baomidou.mybatisplus.core.metadata.TableInfoHelper[0;39m:307 [2m:[0;39m Can not find table primary key in Class: "net.mingsoft.basic.entity.RoleModelEntity".
[2m2022-04-08 15:33:45.183[0;39m [[32m INFO[0;39m] [35m19536[0;39m [2m[           main ][0;39m [32morg.apache.coyote.http11.Http11NioProtocol[0;39m:173 [2m:[0;39m Initializing ProtocolHandler ["http-nio-8080"]
[2m2022-04-08 15:33:45.183[0;39m [[32m INFO[0;39m] [35m19536[0;39m [2m[           main ][0;39m [32morg.apache.catalina.core.StandardService[0;39m:173 [2m:[0;39m Starting service [Tomcat]
[2m2022-04-08 15:33:45.184[0;39m [[32m INFO[0;39m] [35m19536[0;39m [2m[           main ][0;39m [32morg.apache.catalina.core.StandardEngine[0;39m:173 [2m:[0;39m Starting Servlet engine: [Apache Tomcat/9.0.46]
[2m2022-04-08 15:33:45.187[0;39m [[32m INFO[0;39m] [35m19536[0;39m [2m[           main ][0;39m [32morg.apache.catalina.core.AprLifecycleListener[0;39m:173 [2m:[0;39m Loaded Apache Tomcat Native library [1.2.31] using APR version [1.7.0].
[2m2022-04-08 15:33:45.187[0;39m [[32m INFO[0;39m] [35m19536[0;39m [2m[           main ][0;39m [32morg.apache.catalina.core.AprLifecycleListener[0;39m:173 [2m:[0;39m APR capabilities: IPv6 [true], sendfile [true], accept filters [false], random [true].
[2m2022-04-08 15:33:45.188[0;39m [[32m INFO[0;39m] [35m19536[0;39m [2m[           main ][0;39m [32morg.apache.catalina.core.AprLifecycleListener[0;39m:173 [2m:[0;39m APR/OpenSSL configuration: useAprConnector [false], useOpenSSL [true]
[2m2022-04-08 15:33:45.191[0;39m [[32m INFO[0;39m] [35m19536[0;39m [2m[           main ][0;39m [32morg.apache.catalina.core.AprLifecycleListener[0;39m:173 [2m:[0;39m OpenSSL successfully initialized [OpenSSL 1.1.1l  24 Aug 2021]
[2m2022-04-08 15:33:45.358[0;39m [[32m INFO[0;39m] [35m19536[0;39m [2m[           main ][0;39m [32morg.apache.catalina.core.ContainerBase.[Tomcat].[localhost].[/][0;39m:173 [2m:[0;39m Initializing Spring embedded WebApplicationContext
[2m2022-04-08 15:33:45.497[0;39m [[32mDEBUG[0;39m] [35m19536[0;39m [2m[           main ][0;39m [32mnet.mingsoft.basic.filter.XSSEscapeFilter[0;39m:86 [2m:[0;39m xss filter init
[2m2022-04-08 15:33:45.834[0;39m [[33m WARN[0;39m] [35m19536[0;39m [2m[           main ][0;39m [33mcom.baomidou.mybatisplus.core.injector.AbstractMethod[0;39m:323 [2m:[0;39m [net.mingsoft.cms.dao.ICategoryDao.delete] Has been loaded by XML or SqlProvider or Mybatis's Annotation, so ignoring this injection for [class com.baomidou.mybatisplus.core.injector.methods.Delete]
[2m2022-04-08 15:33:45.897[0;39m [[33m WARN[0;39m] [35m19536[0;39m [2m[           main ][0;39m [33mcom.baomidou.mybatisplus.core.injector.AbstractMethod[0;39m:323 [2m:[0;39m [net.mingsoft.cms.dao.IContentDao.delete] Has been loaded by XML or SqlProvider or Mybatis's Annotation, so ignoring this injection for [class com.baomidou.mybatisplus.core.injector.methods.Delete]
[2m2022-04-08 15:33:46.166[0;39m [[33m WARN[0;39m] [35m19536[0;39m [2m[           main ][0;39m [33mcom.baomidou.mybatisplus.core.injector.AbstractMethod[0;39m:323 [2m:[0;39m [net.mingsoft.mdiy.dao.IModelDao.delete] Has been loaded by XML or SqlProvider or Mybatis's Annotation, so ignoring this injection for [class com.baomidou.mybatisplus.core.injector.methods.Delete]
[2m2022-04-08 15:33:46.805[0;39m [[33m WARN[0;39m] [35m19536[0;39m [2m[           main ][0;39m [33mcom.baomidou.mybatisplus.core.toolkit.ReflectionKit[0;39m:107 [2m:[0;39m Warn: HistoryLogBizImpl's superclass not ParameterizedType
[2m2022-04-08 15:33:46.805[0;39m [[33m WARN[0;39m] [35m19536[0;39m [2m[           main ][0;39m [33mcom.baomidou.mybatisplus.core.toolkit.ReflectionKit[0;39m:107 [2m:[0;39m Warn: HistoryLogBizImpl's superclass not ParameterizedType
[2m2022-04-08 15:33:47.063[0;39m [[33m WARN[0;39m] [35m19536[0;39m [2m[           main ][0;39m [33mcom.baomidou.mybatisplus.core.injector.AbstractMethod[0;39m:323 [2m:[0;39m [net.mingsoft.mdiy.dao.IPageDao.delete] Has been loaded by XML or SqlProvider or Mybatis's Annotation, so ignoring this injection for [class com.baomidou.mybatisplus.core.injector.methods.Delete]
[2m2022-04-08 15:33:47.598[0;39m [[33m WARN[0;39m] [35m19536[0;39m [2m[           main ][0;39m [33mcom.baomidou.mybatisplus.core.injector.AbstractMethod[0;39m:323 [2m:[0;39m [net.mingsoft.basic.dao.ILogDao.delete] Has been loaded by XML or SqlProvider or Mybatis's Annotation, so ignoring this injection for [class com.baomidou.mybatisplus.core.injector.methods.Delete]
[2m2022-04-08 15:33:47.847[0;39m [[33m WARN[0;39m] [35m19536[0;39m [2m[           main ][0;39m [33mcom.baomidou.mybatisplus.core.toolkit.ReflectionKit[0;39m:107 [2m:[0;39m Warn: CityBizImpl's superclass not ParameterizedType
[2m2022-04-08 15:33:47.848[0;39m [[33m WARN[0;39m] [35m19536[0;39m [2m[           main ][0;39m [33mcom.baomidou.mybatisplus.core.toolkit.ReflectionKit[0;39m:107 [2m:[0;39m Warn: CityBizImpl's superclass not ParameterizedType
[2m2022-04-08 15:33:48.081[0;39m [[33m WARN[0;39m] [35m19536[0;39m [2m[           main ][0;39m [33mcom.baomidou.mybatisplus.core.injector.AbstractMethod[0;39m:323 [2m:[0;39m [net.mingsoft.basic.dao.IRoleDao.delete] Has been loaded by XML or SqlProvider or Mybatis's Annotation, so ignoring this injection for [class com.baomidou.mybatisplus.core.injector.methods.Delete]
[2m2022-04-08 15:33:48.397[0;39m [[33m WARN[0;39m] [35m19536[0;39m [2m[           main ][0;39m [33mnet.sf.ehcache.config.ConfigurationFactory[0;39m:136 [2m:[0;39m No configuration found. Configuring ehcache from ehcache-failsafe.xml  found in the classpath: jar:file:/D:/2022/maven_repos/net/sf/ehcache/ehcache/2.10.9.2/ehcache-2.10.9.2.jar!/ehcache-failsafe.xml
[2m2022-04-08 15:33:48.538[0;39m [[33m WARN[0;39m] [35m19536[0;39m [2m[           main ][0;39m [33mcom.baomidou.mybatisplus.core.injector.AbstractMethod[0;39m:323 [2m:[0;39m [net.mingsoft.mdiy.dao.ITagDao.delete] Has been loaded by XML or SqlProvider or Mybatis's Annotation, so ignoring this injection for [class com.baomidou.mybatisplus.core.injector.methods.Delete]
[2m2022-04-08 15:33:48.746[0;39m [[33m WARN[0;39m] [35m19536[0;39m [2m[           main ][0;39m [33mcom.baomidou.mybatisplus.core.toolkit.ReflectionKit[0;39m:107 [2m:[0;39m Warn: ModelDataImpl's superclass not ParameterizedType
[2m2022-04-08 15:33:48.747[0;39m [[33m WARN[0;39m] [35m19536[0;39m [2m[           main ][0;39m [33mcom.baomidou.mybatisplus.core.toolkit.ReflectionKit[0;39m:107 [2m:[0;39m Warn: ModelDataImpl's superclass not ParameterizedType
[2m2022-04-08 15:33:49.030[0;39m [[33m WARN[0;39m] [35m19536[0;39m [2m[           main ][0;39m [33mcom.baomidou.mybatisplus.core.injector.AbstractMethod[0;39m:323 [2m:[0;39m [net.mingsoft.mdiy.dao.IDictDao.delete] Has been loaded by XML or SqlProvider or Mybatis's Annotation, so ignoring this injection for [class com.baomidou.mybatisplus.core.injector.methods.Delete]
[2m2022-04-08 15:33:52.849[0;39m [[32m INFO[0;39m] [35m19536[0;39m [2m[           main ][0;39m [32morg.quartz.impl.StdSchedulerFactory[0;39m:1220 [2m:[0;39m Using default implementation for ThreadExecutor
[2m2022-04-08 15:33:52.865[0;39m [[32m INFO[0;39m] [35m19536[0;39m [2m[           main ][0;39m [32morg.quartz.core.SchedulerSignalerImpl[0;39m:61 [2m:[0;39m Initialized Scheduler Signaller of type: class org.quartz.core.SchedulerSignalerImpl
[2m2022-04-08 15:33:52.865[0;39m [[32m INFO[0;39m] [35m19536[0;39m [2m[           main ][0;39m [32morg.quartz.core.QuartzScheduler[0;39m:229 [2m:[0;39m Quartz Scheduler v.2.3.2 created.
[2m2022-04-08 15:33:52.866[0;39m [[32m INFO[0;39m] [35m19536[0;39m [2m[           main ][0;39m [32morg.quartz.simpl.RAMJobStore[0;39m:155 [2m:[0;39m RAMJobStore initialized.
[2m2022-04-08 15:33:52.867[0;39m [[32m INFO[0;39m] [35m19536[0;39m [2m[           main ][0;39m [32morg.quartz.core.QuartzScheduler[0;39m:294 [2m:[0;39m Scheduler meta-data: Quartz Scheduler (v2.3.2) 'quartzScheduler' with instanceId 'NON_CLUSTERED'
  Scheduler class: 'org.quartz.core.QuartzScheduler' - running locally.
  NOT STARTED.
  Currently in standby mode.
  Number of jobs executed: 0
  Using thread pool 'org.quartz.simpl.SimpleThreadPool' - with 10 threads.
  Using job-store 'org.quartz.simpl.RAMJobStore' - which does not support persistence. and is not clustered.

[2m2022-04-08 15:33:52.867[0;39m [[32m INFO[0;39m] [35m19536[0;39m [2m[           main ][0;39m [32morg.quartz.impl.StdSchedulerFactory[0;39m:1374 [2m:[0;39m Quartz scheduler 'quartzScheduler' initialized from an externally provided properties instance.
[2m2022-04-08 15:33:52.868[0;39m [[32m INFO[0;39m] [35m19536[0;39m [2m[           main ][0;39m [32morg.quartz.impl.StdSchedulerFactory[0;39m:1378 [2m:[0;39m Quartz scheduler version: 2.3.2
[2m2022-04-08 15:33:52.868[0;39m [[32m INFO[0;39m] [35m19536[0;39m [2m[           main ][0;39m [32morg.quartz.core.QuartzScheduler[0;39m:2293 [2m:[0;39m JobFactory set to: org.springframework.scheduling.quartz.SpringBeanJobFactory@d4f2f3d
[2m2022-04-08 15:33:53.081[0;39m [[32m INFO[0;39m] [35m19536[0;39m [2m[           main ][0;39m [32morg.apache.coyote.http11.Http11NioProtocol[0;39m:173 [2m:[0;39m Starting ProtocolHandler ["http-nio-8080"]
[2m2022-04-08 15:33:53.105[0;39m [[32m INFO[0;39m] [35m19536[0;39m [2m[           main ][0;39m [32morg.quartz.core.QuartzScheduler[0;39m:547 [2m:[0;39m Scheduler quartzScheduler_$_NON_CLUSTERED started.
[2m2022-04-08 15:33:53.117[0;39m [[32m INFO[0;39m] [35m19536[0;39m [2m[           main ][0;39m [32mnet.mingsoft.MSApplication[0;39m:61 [2m:[0;39m Started MSApplication in 13.143 seconds (JVM running for 15.495)
[2m2022-04-08 15:34:59.439[0;39m [[32m INFO[0;39m] [35m19536[0;39m [2m[nio-8080-exec-1 ][0;39m [32morg.apache.catalina.core.ContainerBase.[Tomcat].[localhost].[/][0;39m:173 [2m:[0;39m Initializing Spring DispatcherServlet 'dispatcherServlet'
[2m2022-04-08 15:34:59.535[0;39m [[32mDEBUG[0;39m] [35m19536[0;39m [2m[nio-8080-exec-1 ][0;39m [32mnet.mingsoft.basic.action.web.IndexAction[0;39m:75 [2m:[0;39m basic index
[2m2022-04-08 15:34:59.974[0;39m [[32mDEBUG[0;39m] [35m19536[0;39m [2m[nio-8080-exec-1 ][0;39m [32mnet.mingsoft.basic.dao.IAppDao.selectList[0;39m:137 [2m:[0;39m ==>  Preparing: SELECT id,app_state,app_name,app_description,app_logo,app_style,app_keyword,app_copyright,app_dir,app_url,app_datetime,app_pay_date,app_pay,create_by,create_date,del,update_by,update_date FROM app
[2m2022-04-08 15:34:59.994[0;39m [[32mDEBUG[0;39m] [35m19536[0;39m [2m[nio-8080-exec-1 ][0;39m [32mnet.mingsoft.basic.dao.IAppDao.selectList[0;39m:137 [2m:[0;39m ==> Parameters: 
[2m2022-04-08 15:35:00.019[0;39m [[32mDEBUG[0;39m] [35m19536[0;39m [2m[nio-8080-exec-1 ][0;39m [32mnet.mingsoft.basic.dao.IAppDao.selectList[0;39m:137 [2m:[0;39m <==      Total: 1
[2m2022-04-08 15:35:00.025[0;39m [[32mDEBUG[0;39m] [35m19536[0;39m [2m[nio-8080-exec-1 ][0;39m [32mnet.mingsoft.basic.util.BasicUtil[0;39m:793 [2m:[0;39m filePath html\web\default.html
[2m2022-04-08 15:35:00.026[0;39m [[32mDEBUG[0;39m] [35m19536[0;39m [2m[nio-8080-exec-1 ][0;39m [32mnet.mingsoft.basic.util.BasicUtil[0;39m:795 [2m:[0;39m classPath \D:\aa\MCMS-master\MCMS-master\target\classes\
[2m2022-04-08 15:35:00.026[0;39m [[32mDEBUG[0;39m] [35m19536[0;39m [2m[nio-8080-exec-1 ][0;39m [32mnet.mingsoft.basic.util.BasicUtil[0;39m:799 [2m:[0;39m servlet org.apache.catalina.core.ApplicationContextFacade@4e7f480f
[2m2022-04-08 15:35:00.028[0;39m [[32mDEBUG[0;39m] [35m19536[0;39m [2m[nio-8080-exec-1 ][0;39m [32mnet.mingsoft.basic.util.BasicUtil[0;39m:801 [2m:[0;39m path D:\aa\MCMS-master\MCMS-master\src\main\webapp
[2m2022-04-08 15:35:00.028[0;39m [[32mDEBUG[0;39m] [35m19536[0;39m [2m[nio-8080-exec-1 ][0;39m [32mnet.mingsoft.basic.action.web.IndexAction[0;39m:89 [2m:[0;39m defaultHtmlPath D:\aa\MCMS-master\MCMS-master\src\main\webapp\html\web\default.html
[2m2022-04-08 15:35:00.028[0;39m [[32mDEBUG[0;39m] [35m19536[0;39m [2m[nio-8080-exec-1 ][0;39m [32mnet.mingsoft.basic.action.web.IndexAction[0;39m:96 [2m:[0;39m indexPosition html\web\index.html
[2m2022-04-08 15:35:00.053[0;39m [[32mDEBUG[0;39m] [35m19536[0;39m [2m[nio-8080-exec-1 ][0;39m [32mnet.mingsoft.basic.exception.ErrorController[0;39m:71 [2m:[0;39m errorhtml log meseeage：404,url：/
[2m2022-04-08 15:35:02.332[0;39m [[32mDEBUG[0;39m] [35m19536[0;39m [2m[nio-8080-exec-2 ][0;39m [32mnet.mingsoft.basic.action.web.IndexAction[0;39m:75 [2m:[0;39m basic index
[2m2022-04-08 15:35:02.336[0;39m [[32mDEBUG[0;39m] [35m19536[0;39m [2m[nio-8080-exec-2 ][0;39m [32mnet.mingsoft.basic.dao.IAppDao.selectList[0;39m:137 [2m:[0;39m ==>  Preparing: SELECT id,app_state,app_name,app_description,app_logo,app_style,app_keyword,app_copyright,app_dir,app_url,app_datetime,app_pay_date,app_pay,create_by,create_date,del,update_by,update_date FROM app
[2m2022-04-08 15:35:02.336[0;39m [[32mDEBUG[0;39m] [35m19536[0;39m [2m[nio-8080-exec-2 ][0;39m [32mnet.mingsoft.basic.dao.IAppDao.selectList[0;39m:137 [2m:[0;39m ==> Parameters: 
[2m2022-04-08 15:35:02.339[0;39m [[32mDEBUG[0;39m] [35m19536[0;39m [2m[nio-8080-exec-2 ][0;39m [32mnet.mingsoft.basic.dao.IAppDao.selectList[0;39m:137 [2m:[0;39m <==      Total: 1
[2m2022-04-08 15:35:02.341[0;39m [[32mDEBUG[0;39m] [35m19536[0;39m [2m[nio-8080-exec-2 ][0;39m [32mnet.mingsoft.basic.util.BasicUtil[0;39m:793 [2m:[0;39m filePath html\web\default.html
[2m2022-04-08 15:35:02.342[0;39m [[32mDEBUG[0;39m] [35m19536[0;39m [2m[nio-8080-exec-2 ][0;39m [32mnet.mingsoft.basic.util.BasicUtil[0;39m:795 [2m:[0;39m classPath \D:\aa\MCMS-master\MCMS-master\target\classes\
[2m2022-04-08 15:35:02.342[0;39m [[32mDEBUG[0;39m] [35m19536[0;39m [2m[nio-8080-exec-2 ][0;39m [32mnet.mingsoft.basic.util.BasicUtil[0;39m:799 [2m:[0;39m servlet org.apache.catalina.core.ApplicationContextFacade@4e7f480f
[2m2022-04-08 15:35:02.343[0;39m [[32mDEBUG[0;39m] [35m19536[0;39m [2m[nio-8080-exec-2 ][0;39m [32mnet.mingsoft.basic.util.BasicUtil[0;39m:801 [2m:[0;39m path D:\aa\MCMS-master\MCMS-master\src\main\webapp
[2m2022-04-08 15:35:02.343[0;39m [[32mDEBUG[0;39m] [35m19536[0;39m [2m[nio-8080-exec-2 ][0;39m [32mnet.mingsoft.basic.action.web.IndexAction[0;39m:89 [2m:[0;39m defaultHtmlPath D:\aa\MCMS-master\MCMS-master\src\main\webapp\html\web\default.html
[2m2022-04-08 15:35:02.344[0;39m [[32mDEBUG[0;39m] [35m19536[0;39m [2m[nio-8080-exec-2 ][0;39m [32mnet.mingsoft.basic.action.web.IndexAction[0;39m:96 [2m:[0;39m indexPosition html\web\index.html
[2m2022-04-08 15:35:02.348[0;39m [[32mDEBUG[0;39m] [35m19536[0;39m [2m[nio-8080-exec-2 ][0;39m [32mnet.mingsoft.basic.exception.ErrorController[0;39m:71 [2m:[0;39m errorhtml log meseeage：404,url：/
[2m2022-04-08 15:35:02.766[0;39m [[32mDEBUG[0;39m] [35m19536[0;39m [2m[nio-8080-exec-4 ][0;39m [32mnet.mingsoft.basic.action.web.IndexAction[0;39m:75 [2m:[0;39m basic index
[2m2022-04-08 15:35:02.769[0;39m [[32mDEBUG[0;39m] [35m19536[0;39m [2m[nio-8080-exec-4 ][0;39m [32mnet.mingsoft.basic.dao.IAppDao.selectList[0;39m:137 [2m:[0;39m ==>  Preparing: SELECT id,app_state,app_name,app_description,app_logo,app_style,app_keyword,app_copyright,app_dir,app_url,app_datetime,app_pay_date,app_pay,create_by,create_date,del,update_by,update_date FROM app
[2m2022-04-08 15:35:02.769[0;39m [[32mDEBUG[0;39m] [35m19536[0;39m [2m[nio-8080-exec-4 ][0;39m [32mnet.mingsoft.basic.dao.IAppDao.selectList[0;39m:137 [2m:[0;39m ==> Parameters: 
[2m2022-04-08 15:35:02.771[0;39m [[32mDEBUG[0;39m] [35m19536[0;39m [2m[nio-8080-exec-4 ][0;39m [32mnet.mingsoft.basic.dao.IAppDao.selectList[0;39m:137 [2m:[0;39m <==      Total: 1
[2m2022-04-08 15:35:02.773[0;39m [[32mDEBUG[0;39m] [35m19536[0;39m [2m[nio-8080-exec-4 ][0;39m [32mnet.mingsoft.basic.util.BasicUtil[0;39m:793 [2m:[0;39m filePath html\web\default.html
[2m2022-04-08 15:35:02.773[0;39m [[32mDEBUG[0;39m] [35m19536[0;39m [2m[nio-8080-exec-4 ][0;39m [32mnet.mingsoft.basic.util.BasicUtil[0;39m:795 [2m:[0;39m classPath \D:\aa\MCMS-master\MCMS-master\target\classes\
[2m2022-04-08 15:35:02.773[0;39m [[32mDEBUG[0;39m] [35m19536[0;39m [2m[nio-8080-exec-4 ][0;39m [32mnet.mingsoft.basic.util.BasicUtil[0;39m:799 [2m:[0;39m servlet org.apache.catalina.core.ApplicationContextFacade@4e7f480f
[2m2022-04-08 15:35:02.774[0;39m [[32mDEBUG[0;39m] [35m19536[0;39m [2m[nio-8080-exec-4 ][0;39m [32mnet.mingsoft.basic.util.BasicUtil[0;39m:801 [2m:[0;39m path D:\aa\MCMS-master\MCMS-master\src\main\webapp
[2m2022-04-08 15:35:02.774[0;39m [[32mDEBUG[0;39m] [35m19536[0;39m [2m[nio-8080-exec-4 ][0;39m [32mnet.mingsoft.basic.action.web.IndexAction[0;39m:89 [2m:[0;39m defaultHtmlPath D:\aa\MCMS-master\MCMS-master\src\main\webapp\html\web\default.html
[2m2022-04-08 15:35:02.774[0;39m [[32mDEBUG[0;39m] [35m19536[0;39m [2m[nio-8080-exec-4 ][0;39m [32mnet.mingsoft.basic.action.web.IndexAction[0;39m:96 [2m:[0;39m indexPosition html\web\index.html
[2m2022-04-08 15:35:02.777[0;39m [[32mDEBUG[0;39m] [35m19536[0;39m [2m[nio-8080-exec-4 ][0;39m [32mnet.mingsoft.basic.exception.ErrorController[0;39m:71 [2m:[0;39m errorhtml log meseeage：404,url：/
[2m2022-04-08 15:35:03.172[0;39m [[32mDEBUG[0;39m] [35m19536[0;39m [2m[nio-8080-exec-5 ][0;39m [32mnet.mingsoft.basic.action.web.IndexAction[0;39m:75 [2m:[0;39m basic index
[2m2022-04-08 15:35:03.175[0;39m [[32mDEBUG[0;39m] [35m19536[0;39m [2m[nio-8080-exec-5 ][0;39m [32mnet.mingsoft.basic.dao.IAppDao.selectList[0;39m:137 [2m:[0;39m ==>  Preparing: SELECT id,app_state,app_name,app_description,app_logo,app_style,app_keyword,app_copyright,app_dir,app_url,app_datetime,app_pay_date,app_pay,create_by,create_date,del,update_by,update_date FROM app
[2m2022-04-08 15:35:03.175[0;39m [[32mDEBUG[0;39m] [35m19536[0;39m [2m[nio-8080-exec-5 ][0;39m [32mnet.mingsoft.basic.dao.IAppDao.selectList[0;39m:137 [2m:[0;39m ==> Parameters: 
[2m2022-04-08 15:35:03.178[0;39m [[32mDEBUG[0;39m] [35m19536[0;39m [2m[nio-8080-exec-5 ][0;39m [32mnet.mingsoft.basic.dao.IAppDao.selectList[0;39m:137 [2m:[0;39m <==      Total: 1
[2m2022-04-08 15:35:03.180[0;39m [[32mDEBUG[0;39m] [35m19536[0;39m [2m[nio-8080-exec-5 ][0;39m [32mnet.mingsoft.basic.util.BasicUtil[0;39m:793 [2m:[0;39m filePath html\web\default.html
[2m2022-04-08 15:35:03.180[0;39m [[32mDEBUG[0;39m] [35m19536[0;39m [2m[nio-8080-exec-5 ][0;39m [32mnet.mingsoft.basic.util.BasicUtil[0;39m:795 [2m:[0;39m classPath \D:\aa\MCMS-master\MCMS-master\target\classes\
[2m2022-04-08 15:35:03.180[0;39m [[32mDEBUG[0;39m] [35m19536[0;39m [2m[nio-8080-exec-5 ][0;39m [32mnet.mingsoft.basic.util.BasicUtil[0;39m:799 [2m:[0;39m servlet org.apache.catalina.core.ApplicationContextFacade@4e7f480f
[2m2022-04-08 15:35:03.180[0;39m [[32mDEBUG[0;39m] [35m19536[0;39m [2m[nio-8080-exec-5 ][0;39m [32mnet.mingsoft.basic.util.BasicUtil[0;39m:801 [2m:[0;39m path D:\aa\MCMS-master\MCMS-master\src\main\webapp
[2m2022-04-08 15:35:03.181[0;39m [[32mDEBUG[0;39m] [35m19536[0;39m [2m[nio-8080-exec-5 ][0;39m [32mnet.mingsoft.basic.action.web.IndexAction[0;39m:89 [2m:[0;39m defaultHtmlPath D:\aa\MCMS-master\MCMS-master\src\main\webapp\html\web\default.html
[2m2022-04-08 15:35:03.181[0;39m [[32mDEBUG[0;39m] [35m19536[0;39m [2m[nio-8080-exec-5 ][0;39m [32mnet.mingsoft.basic.action.web.IndexAction[0;39m:96 [2m:[0;39m indexPosition html\web\index.html
[2m2022-04-08 15:35:03.185[0;39m [[32mDEBUG[0;39m] [35m19536[0;39m [2m[nio-8080-exec-5 ][0;39m [32mnet.mingsoft.basic.exception.ErrorController[0;39m:71 [2m:[0;39m errorhtml log meseeage：404,url：/
[2m2022-04-08 15:35:03.540[0;39m [[32mDEBUG[0;39m] [35m19536[0;39m [2m[nio-8080-exec-6 ][0;39m [32mnet.mingsoft.basic.action.web.IndexAction[0;39m:75 [2m:[0;39m basic index
[2m2022-04-08 15:35:03.541[0;39m [[32mDEBUG[0;39m] [35m19536[0;39m [2m[nio-8080-exec-6 ][0;39m [32mnet.mingsoft.basic.dao.IAppDao.selectList[0;39m:137 [2m:[0;39m ==>  Preparing: SELECT id,app_state,app_name,app_description,app_logo,app_style,app_keyword,app_copyright,app_dir,app_url,app_datetime,app_pay_date,app_pay,create_by,create_date,del,update_by,update_date FROM app
[2m2022-04-08 15:35:03.542[0;39m [[32mDEBUG[0;39m] [35m19536[0;39m [2m[nio-8080-exec-6 ][0;39m [32mnet.mingsoft.basic.dao.IAppDao.selectList[0;39m:137 [2m:[0;39m ==> Parameters: 
[2m2022-04-08 15:35:03.544[0;39m [[32mDEBUG[0;39m] [35m19536[0;39m [2m[nio-8080-exec-6 ][0;39m [32mnet.mingsoft.basic.dao.IAppDao.selectList[0;39m:137 [2m:[0;39m <==      Total: 1
[2m2022-04-08 15:35:03.545[0;39m [[32mDEBUG[0;39m] [35m19536[0;39m [2m[nio-8080-exec-6 ][0;39m [32mnet.mingsoft.basic.util.BasicUtil[0;39m:793 [2m:[0;39m filePath html\web\default.html
[2m2022-04-08 15:35:03.546[0;39m [[32mDEBUG[0;39m] [35m19536[0;39m [2m[nio-8080-exec-6 ][0;39m [32mnet.mingsoft.basic.util.BasicUtil[0;39m:795 [2m:[0;39m classPath \D:\aa\MCMS-master\MCMS-master\target\classes\
[2m2022-04-08 15:35:03.546[0;39m [[32mDEBUG[0;39m] [35m19536[0;39m [2m[nio-8080-exec-6 ][0;39m [32mnet.mingsoft.basic.util.BasicUtil[0;39m:799 [2m:[0;39m servlet org.apache.catalina.core.ApplicationContextFacade@4e7f480f
[2m2022-04-08 15:35:03.546[0;39m [[32mDEBUG[0;39m] [35m19536[0;39m [2m[nio-8080-exec-6 ][0;39m [32mnet.mingsoft.basic.util.BasicUtil[0;39m:801 [2m:[0;39m path D:\aa\MCMS-master\MCMS-master\src\main\webapp
[2m2022-04-08 15:35:03.546[0;39m [[32mDEBUG[0;39m] [35m19536[0;39m [2m[nio-8080-exec-6 ][0;39m [32mnet.mingsoft.basic.action.web.IndexAction[0;39m:89 [2m:[0;39m defaultHtmlPath D:\aa\MCMS-master\MCMS-master\src\main\webapp\html\web\default.html
[2m2022-04-08 15:35:03.546[0;39m [[32mDEBUG[0;39m] [35m19536[0;39m [2m[nio-8080-exec-6 ][0;39m [32mnet.mingsoft.basic.action.web.IndexAction[0;39m:96 [2m:[0;39m indexPosition html\web\index.html
[2m2022-04-08 15:35:03.552[0;39m [[32mDEBUG[0;39m] [35m19536[0;39m [2m[nio-8080-exec-6 ][0;39m [32mnet.mingsoft.basic.exception.ErrorController[0;39m:71 [2m:[0;39m errorhtml log meseeage：404,url：/
[2m2022-04-08 15:35:04.035[0;39m [[32mDEBUG[0;39m] [35m19536[0;39m [2m[nio-8080-exec-7 ][0;39m [32mnet.mingsoft.basic.action.web.IndexAction[0;39m:75 [2m:[0;39m basic index
[2m2022-04-08 15:35:04.037[0;39m [[32mDEBUG[0;39m] [35m19536[0;39m [2m[nio-8080-exec-7 ][0;39m [32mnet.mingsoft.basic.dao.IAppDao.selectList[0;39m:137 [2m:[0;39m ==>  Preparing: SELECT id,app_state,app_name,app_description,app_logo,app_style,app_keyword,app_copyright,app_dir,app_url,app_datetime,app_pay_date,app_pay,create_by,create_date,del,update_by,update_date FROM app
[2m2022-04-08 15:35:04.038[0;39m [[32mDEBUG[0;39m] [35m19536[0;39m [2m[nio-8080-exec-7 ][0;39m [32mnet.mingsoft.basic.dao.IAppDao.selectList[0;39m:137 [2m:[0;39m ==> Parameters: 
[2m2022-04-08 15:35:04.040[0;39m [[32mDEBUG[0;39m] [35m19536[0;39m [2m[nio-8080-exec-7 ][0;39m [32mnet.mingsoft.basic.dao.IAppDao.selectList[0;39m:137 [2m:[0;39m <==      Total: 1
[2m2022-04-08 15:35:04.041[0;39m [[32mDEBUG[0;39m] [35m19536[0;39m [2m[nio-8080-exec-7 ][0;39m [32mnet.mingsoft.basic.util.BasicUtil[0;39m:793 [2m:[0;39m filePath html\web\default.html
[2m2022-04-08 15:35:04.042[0;39m [[32mDEBUG[0;39m] [35m19536[0;39m [2m[nio-8080-exec-7 ][0;39m [32mnet.mingsoft.basic.util.BasicUtil[0;39m:795 [2m:[0;39m classPath \D:\aa\MCMS-master\MCMS-master\target\classes\
[2m2022-04-08 15:35:04.042[0;39m [[32mDEBUG[0;39m] [35m19536[0;39m [2m[nio-8080-exec-7 ][0;39m [32mnet.mingsoft.basic.util.BasicUtil[0;39m:799 [2m:[0;39m servlet org.apache.catalina.core.ApplicationContextFacade@4e7f480f
[2m2022-04-08 15:35:04.043[0;39m [[32mDEBUG[0;39m] [35m19536[0;39m [2m[nio-8080-exec-7 ][0;39m [32mnet.mingsoft.basic.util.BasicUtil[0;39m:801 [2m:[0;39m path D:\aa\MCMS-master\MCMS-master\src\main\webapp
[2m2022-04-08 15:35:04.043[0;39m [[32mDEBUG[0;39m] [35m19536[0;39m [2m[nio-8080-exec-7 ][0;39m [32mnet.mingsoft.basic.action.web.IndexAction[0;39m:89 [2m:[0;39m defaultHtmlPath D:\aa\MCMS-master\MCMS-master\src\main\webapp\html\web\default.html
[2m2022-04-08 15:35:04.043[0;39m [[32mDEBUG[0;39m] [35m19536[0;39m [2m[nio-8080-exec-7 ][0;39m [32mnet.mingsoft.basic.action.web.IndexAction[0;39m:96 [2m:[0;39m indexPosition html\web\index.html
[2m2022-04-08 15:35:04.046[0;39m [[32mDEBUG[0;39m] [35m19536[0;39m [2m[nio-8080-exec-7 ][0;39m [32mnet.mingsoft.basic.exception.ErrorController[0;39m:71 [2m:[0;39m errorhtml log meseeage：404,url：/
[2m2022-04-08 15:35:04.484[0;39m [[32mDEBUG[0;39m] [35m19536[0;39m [2m[nio-8080-exec-8 ][0;39m [32mnet.mingsoft.basic.action.web.IndexAction[0;39m:75 [2m:[0;39m basic index
[2m2022-04-08 15:35:04.486[0;39m [[32mDEBUG[0;39m] [35m19536[0;39m [2m[nio-8080-exec-8 ][0;39m [32mnet.mingsoft.basic.dao.IAppDao.selectList[0;39m:137 [2m:[0;39m ==>  Preparing: SELECT id,app_state,app_name,app_description,app_logo,app_style,app_keyword,app_copyright,app_dir,app_url,app_datetime,app_pay_date,app_pay,create_by,create_date,del,update_by,update_date FROM app
[2m2022-04-08 15:35:04.486[0;39m [[32mDEBUG[0;39m] [35m19536[0;39m [2m[nio-8080-exec-8 ][0;39m [32mnet.mingsoft.basic.dao.IAppDao.selectList[0;39m:137 [2m:[0;39m ==> Parameters: 
[2m2022-04-08 15:35:04.489[0;39m [[32mDEBUG[0;39m] [35m19536[0;39m [2m[nio-8080-exec-8 ][0;39m [32mnet.mingsoft.basic.dao.IAppDao.selectList[0;39m:137 [2m:[0;39m <==      Total: 1
[2m2022-04-08 15:35:04.491[0;39m [[32mDEBUG[0;39m] [35m19536[0;39m [2m[nio-8080-exec-8 ][0;39m [32mnet.mingsoft.basic.util.BasicUtil[0;39m:793 [2m:[0;39m filePath html\web\default.html
[2m2022-04-08 15:35:04.491[0;39m [[32mDEBUG[0;39m] [35m19536[0;39m [2m[nio-8080-exec-8 ][0;39m [32mnet.mingsoft.basic.util.BasicUtil[0;39m:795 [2m:[0;39m classPath \D:\aa\MCMS-master\MCMS-master\target\classes\
[2m2022-04-08 15:35:04.492[0;39m [[32mDEBUG[0;39m] [35m19536[0;39m [2m[nio-8080-exec-8 ][0;39m [32mnet.mingsoft.basic.util.BasicUtil[0;39m:799 [2m:[0;39m servlet org.apache.catalina.core.ApplicationContextFacade@4e7f480f
[2m2022-04-08 15:35:04.492[0;39m [[32mDEBUG[0;39m] [35m19536[0;39m [2m[nio-8080-exec-8 ][0;39m [32mnet.mingsoft.basic.util.BasicUtil[0;39m:801 [2m:[0;39m path D:\aa\MCMS-master\MCMS-master\src\main\webapp
[2m2022-04-08 15:35:04.492[0;39m [[32mDEBUG[0;39m] [35m19536[0;39m [2m[nio-8080-exec-8 ][0;39m [32mnet.mingsoft.basic.action.web.IndexAction[0;39m:89 [2m:[0;39m defaultHtmlPath D:\aa\MCMS-master\MCMS-master\src\main\webapp\html\web\default.html
[2m2022-04-08 15:35:04.492[0;39m [[32mDEBUG[0;39m] [35m19536[0;39m [2m[nio-8080-exec-8 ][0;39m [32mnet.mingsoft.basic.action.web.IndexAction[0;39m:96 [2m:[0;39m indexPosition html\web\index.html
[2m2022-04-08 15:35:04.500[0;39m [[32mDEBUG[0;39m] [35m19536[0;39m [2m[nio-8080-exec-8 ][0;39m [32mnet.mingsoft.basic.exception.ErrorController[0;39m:71 [2m:[0;39m errorhtml log meseeage：404,url：/
[2m2022-04-08 15:39:38.014[0;39m [[32mDEBUG[0;39m] [35m19536[0;39m [2m[nio-8080-exec-3 ][0;39m [32mnet.mingsoft.basic.exception.ErrorController[0;39m:71 [2m:[0;39m errorhtml log meseeage：400,url：/ms/login.do%EF%BC%8C%E7%AE%A1%E7%90%86%E5%91%98%E8%B4%A6%E5%8F%B7%EF%BC%8C%E7%94%A8%E6%88%B7%E5%90%8D%EF%BC%9Amsopen
[2m2022-04-08 15:39:47.756[0;39m [[33m WARN[0;39m] [35m19536[0;39m [2m[nio-8080-exec-2 ][0;39m [33morg.apache.catalina.util.SessionIdGeneratorBase[0;39m:173 [2m:[0;39m Creation of SecureRandom instance for session ID generation using [SHA1PRNG] took [340] milliseconds.
[2m2022-04-08 15:39:47.988[0;39m [[32mDEBUG[0;39m] [35m19536[0;39m [2m[nio-8080-exec-2 ][0;39m [32mnet.mingsoft.basic.dao.IAppDao.selectList[0;39m:137 [2m:[0;39m ==>  Preparing: SELECT id,app_state,app_name,app_description,app_logo,app_style,app_keyword,app_copyright,app_dir,app_url,app_datetime,app_pay_date,app_pay,create_by,create_date,del,update_by,update_date FROM app
[2m2022-04-08 15:39:47.989[0;39m [[32mDEBUG[0;39m] [35m19536[0;39m [2m[nio-8080-exec-2 ][0;39m [32mnet.mingsoft.basic.dao.IAppDao.selectList[0;39m:137 [2m:[0;39m ==> Parameters: 
[2m2022-04-08 15:39:48.023[0;39m [[32mDEBUG[0;39m] [35m19536[0;39m [2m[nio-8080-exec-2 ][0;39m [32mnet.mingsoft.basic.dao.IAppDao.selectList[0;39m:137 [2m:[0;39m <==      Total: 1
[2m2022-04-08 15:39:48.027[0;39m [[32mDEBUG[0;39m] [35m19536[0;39m [2m[nio-8080-exec-2 ][0;39m [32mnet.mingsoft.basic.util.BasicUtil[0;39m:261 [2m:[0;39m server:localhost,basePath:http://localhost:8080/
[2m2022-04-08 15:39:51.356[0;39m [[32mDEBUG[0;39m] [35m19536[0;39m [2m[nio-8080-exec-6 ][0;39m [32mnet.mingsoft.basic.exception.ErrorController[0;39m:84 [2m:[0;39m error status 404 NOT_FOUND, error {timestamp=2022-04-08T15:39:51.355+0800, status=404, error=Not Found, message=, path=/logo.ico},url /error
[2m2022-04-08 15:40:14.855[0;39m [[32mDEBUG[0;39m] [35m19536[0;39m [2m[io-8080-exec-10 ][0;39m [32mnet.mingsoft.basic.dao.IAppDao.selectList[0;39m:137 [2m:[0;39m ==>  Preparing: SELECT id,app_state,app_name,app_description,app_logo,app_style,app_keyword,app_copyright,app_dir,app_url,app_datetime,app_pay_date,app_pay,create_by,create_date,del,update_by,update_date FROM app
[2m2022-04-08 15:40:14.857[0;39m [[32mDEBUG[0;39m] [35m19536[0;39m [2m[io-8080-exec-10 ][0;39m [32mnet.mingsoft.basic.dao.IAppDao.selectList[0;39m:137 [2m:[0;39m ==> Parameters: 
[2m2022-04-08 15:40:14.863[0;39m [[32mDEBUG[0;39m] [35m19536[0;39m [2m[io-8080-exec-10 ][0;39m [32mnet.mingsoft.basic.dao.IAppDao.selectList[0;39m:137 [2m:[0;39m <==      Total: 1
[2m2022-04-08 15:40:14.865[0;39m [[32mDEBUG[0;39m] [35m19536[0;39m [2m[io-8080-exec-10 ][0;39m [32mnet.mingsoft.basic.util.BasicUtil[0;39m:261 [2m:[0;39m server:localhost,basePath:http://localhost:8080/
[2m2022-04-08 15:40:47.654[0;39m [[32mDEBUG[0;39m] [35m19536[0;39m [2m[nio-8080-exec-5 ][0;39m [32mnet.mingsoft.basic.action.web.LoginAction[0;39m:111 [2m:[0;39m basic checkLogin
[2m2022-04-08 15:40:47.655[0;39m [[32mDEBUG[0;39m] [35m19536[0;39m [2m[nio-8080-exec-5 ][0;39m [32mnet.mingsoft.basic.action.web.LoginAction[0;39m:181 [2m:[0;39m session_code:4722 requestCode:4722
[2m2022-04-08 15:40:47.656[0;39m [[32mDEBUG[0;39m] [35m19536[0;39m [2m[nio-8080-exec-5 ][0;39m [32mnet.mingsoft.basic.dao.IManagerDao.updateCache[0;39m:137 [2m:[0;39m ==>  Preparing: UPDATE manager set del=0 where 1=-1
[2m2022-04-08 15:40:47.657[0;39m [[32mDEBUG[0;39m] [35m19536[0;39m [2m[nio-8080-exec-5 ][0;39m [32mnet.mingsoft.basic.dao.IManagerDao.updateCache[0;39m:137 [2m:[0;39m ==> Parameters: 
[2m2022-04-08 15:40:47.714[0;39m [[32mDEBUG[0;39m] [35m19536[0;39m [2m[nio-8080-exec-5 ][0;39m [32mnet.mingsoft.basic.dao.IManagerDao.updateCache[0;39m:137 [2m:[0;39m <==    Updates: 0
[2m2022-04-08 15:40:47.719[0;39m [[32mDEBUG[0;39m] [35m19536[0;39m [2m[nio-8080-exec-5 ][0;39m [32mnet.mingsoft.basic.dao.IManagerDao[0;39m:60 [2m:[0;39m Cache Hit Ratio [net.mingsoft.basic.dao.IManagerDao]: 0.0
[2m2022-04-08 15:40:47.719[0;39m [[32mDEBUG[0;39m] [35m19536[0;39m [2m[nio-8080-exec-5 ][0;39m [32mnet.mingsoft.basic.dao.IManagerDao.getByEntity[0;39m:137 [2m:[0;39m ==>  Preparing: select * from manager WHERE MANAGER_NAME=?
[2m2022-04-08 15:40:47.720[0;39m [[32mDEBUG[0;39m] [35m19536[0;39m [2m[nio-8080-exec-5 ][0;39m [32mnet.mingsoft.basic.dao.IManagerDao.getByEntity[0;39m:137 [2m:[0;39m ==> Parameters: msopen (String)
[2m2022-04-08 15:40:47.724[0;39m [[32mDEBUG[0;39m] [35m19536[0;39m [2m[nio-8080-exec-5 ][0;39m [32mnet.mingsoft.basic.dao.IManagerDao.getByEntity[0;39m:137 [2m:[0;39m <==      Total: 1
[2m2022-04-08 15:41:16.288[0;39m [[32mDEBUG[0;39m] [35m19536[0;39m [2m[nio-8080-exec-1 ][0;39m [32mnet.mingsoft.basic.action.web.LoginAction[0;39m:111 [2m:[0;39m basic checkLogin
[2m2022-04-08 15:41:16.289[0;39m [[32mDEBUG[0;39m] [35m19536[0;39m [2m[nio-8080-exec-1 ][0;39m [32mnet.mingsoft.basic.action.web.LoginAction[0;39m:181 [2m:[0;39m session_code:2736 requestCode:4722
[2m2022-04-08 15:41:26.365[0;39m [[32mDEBUG[0;39m] [35m19536[0;39m [2m[nio-8080-exec-9 ][0;39m [32mnet.mingsoft.basic.action.web.LoginAction[0;39m:111 [2m:[0;39m basic checkLogin
[2m2022-04-08 15:41:26.365[0;39m [[32mDEBUG[0;39m] [35m19536[0;39m [2m[nio-8080-exec-9 ][0;39m [32mnet.mingsoft.basic.action.web.LoginAction[0;39m:181 [2m:[0;39m session_code:vm8j requestCode:vm8j
[2m2022-04-08 15:41:26.367[0;39m [[32mDEBUG[0;39m] [35m19536[0;39m [2m[nio-8080-exec-9 ][0;39m [32mnet.mingsoft.basic.dao.IManagerDao.updateCache[0;39m:137 [2m:[0;39m ==>  Preparing: UPDATE manager set del=0 where 1=-1
[2m2022-04-08 15:41:26.367[0;39m [[32mDEBUG[0;39m] [35m19536[0;39m [2m[nio-8080-exec-9 ][0;39m [32mnet.mingsoft.basic.dao.IManagerDao.updateCache[0;39m:137 [2m:[0;39m ==> Parameters: 
[2m2022-04-08 15:41:26.370[0;39m [[32mDEBUG[0;39m] [35m19536[0;39m [2m[nio-8080-exec-9 ][0;39m [32mnet.mingsoft.basic.dao.IManagerDao.updateCache[0;39m:137 [2m:[0;39m <==    Updates: 0
[2m2022-04-08 15:41:26.372[0;39m [[32mDEBUG[0;39m] [35m19536[0;39m [2m[nio-8080-exec-9 ][0;39m [32mnet.mingsoft.basic.dao.IManagerDao[0;39m:60 [2m:[0;39m Cache Hit Ratio [net.mingsoft.basic.dao.IManagerDao]: 0.0
[2m2022-04-08 15:41:26.372[0;39m [[32mDEBUG[0;39m] [35m19536[0;39m [2m[nio-8080-exec-9 ][0;39m [32mnet.mingsoft.basic.dao.IManagerDao.getByEntity[0;39m:137 [2m:[0;39m ==>  Preparing: select * from manager WHERE MANAGER_NAME=?
[2m2022-04-08 15:41:26.373[0;39m [[32mDEBUG[0;39m] [35m19536[0;39m [2m[nio-8080-exec-9 ][0;39m [32mnet.mingsoft.basic.dao.IManagerDao.getByEntity[0;39m:137 [2m:[0;39m ==> Parameters: msopen (String)
[2m2022-04-08 15:41:26.376[0;39m [[32mDEBUG[0;39m] [35m19536[0;39m [2m[nio-8080-exec-9 ][0;39m [32mnet.mingsoft.basic.dao.IManagerDao.getByEntity[0;39m:137 [2m:[0;39m <==      Total: 1
[2m2022-04-08 15:44:30.494[0;39m [[32mDEBUG[0;39m] [35m19536[0;39m [2m[nio-8080-exec-5 ][0;39m [32mnet.mingsoft.basic.action.web.LoginAction[0;39m:111 [2m:[0;39m basic checkLogin
[2m2022-04-08 15:44:30.494[0;39m [[32mDEBUG[0;39m] [35m19536[0;39m [2m[nio-8080-exec-5 ][0;39m [32mnet.mingsoft.basic.action.web.LoginAction[0;39m:181 [2m:[0;39m session_code:82xg requestCode:82xg
[2m2022-04-08 15:44:30.589[0;39m [[32mDEBUG[0;39m] [35m19536[0;39m [2m[nio-8080-exec-5 ][0;39m [32mnet.mingsoft.basic.dao.IManagerDao.updateCache[0;39m:137 [2m:[0;39m ==>  Preparing: UPDATE manager set del=0 where 1=-1
[2m2022-04-08 15:44:30.590[0;39m [[32mDEBUG[0;39m] [35m19536[0;39m [2m[nio-8080-exec-5 ][0;39m [32mnet.mingsoft.basic.dao.IManagerDao.updateCache[0;39m:137 [2m:[0;39m ==> Parameters: 
[2m2022-04-08 15:44:30.593[0;39m [[32mDEBUG[0;39m] [35m19536[0;39m [2m[nio-8080-exec-5 ][0;39m [32mnet.mingsoft.basic.dao.IManagerDao.updateCache[0;39m:137 [2m:[0;39m <==    Updates: 0
[2m2022-04-08 15:44:30.594[0;39m [[32mDEBUG[0;39m] [35m19536[0;39m [2m[nio-8080-exec-5 ][0;39m [32mnet.mingsoft.basic.dao.IManagerDao[0;39m:60 [2m:[0;39m Cache Hit Ratio [net.mingsoft.basic.dao.IManagerDao]: 0.0
[2m2022-04-08 15:44:30.594[0;39m [[32mDEBUG[0;39m] [35m19536[0;39m [2m[nio-8080-exec-5 ][0;39m [32mnet.mingsoft.basic.dao.IManagerDao.getByEntity[0;39m:137 [2m:[0;39m ==>  Preparing: select * from manager WHERE MANAGER_NAME=?
[2m2022-04-08 15:44:30.594[0;39m [[32mDEBUG[0;39m] [35m19536[0;39m [2m[nio-8080-exec-5 ][0;39m [32mnet.mingsoft.basic.dao.IManagerDao.getByEntity[0;39m:137 [2m:[0;39m ==> Parameters: msopen (String)
[2m2022-04-08 15:44:30.596[0;39m [[32mDEBUG[0;39m] [35m19536[0;39m [2m[nio-8080-exec-5 ][0;39m [32mnet.mingsoft.basic.dao.IManagerDao.getByEntity[0;39m:137 [2m:[0;39m <==      Total: 1
[2m2022-04-08 15:44:30.602[0;39m [[32mDEBUG[0;39m] [35m19536[0;39m [2m[nio-8080-exec-5 ][0;39m [32mnet.mingsoft.basic.dao.IManagerDao[0;39m:60 [2m:[0;39m Cache Hit Ratio [net.mingsoft.basic.dao.IManagerDao]: 0.0
[2m2022-04-08 15:44:30.603[0;39m [[32mDEBUG[0;39m] [35m19536[0;39m [2m[nio-8080-exec-5 ][0;39m [32mnet.mingsoft.basic.dao.IManagerDao.getByEntity[0;39m:137 [2m:[0;39m ==>  Preparing: select * from manager WHERE MANAGER_NAME=?
[2m2022-04-08 15:44:30.604[0;39m [[32mDEBUG[0;39m] [35m19536[0;39m [2m[nio-8080-exec-5 ][0;39m [32mnet.mingsoft.basic.dao.IManagerDao.getByEntity[0;39m:137 [2m:[0;39m ==> Parameters: msopen(String)
[2m2022-04-08 15:44:30.605[0;39m [[32mDEBUG[0;39m] [35m19536[0;39m [2m[nio-8080-exec-5 ][0;39m [32mnet.mingsoft.basic.dao.IManagerDao.getByEntity[0;39m:137 [2m:[0;39m <==      Total: 1
[2m2022-04-08 15:44:30.665[0;39m [[32mDEBUG[0;39m] [35m19536[0;39m [2m[nio-8080-exec-6 ][0;39m [32mnet.mingsoft.basic.dao.IModelDao[0;39m:60 [2m:[0;39m Cache Hit Ratio [net.mingsoft.basic.dao.IModelDao]: 0.0
[2m2022-04-08 15:44:30.665[0;39m [[32mDEBUG[0;39m] [35m19536[0;39m [2m[nio-8080-exec-6 ][0;39m [32mnet.mingsoft.basic.dao.IModelDao.queryModelByRoleId[0;39m:137 [2m:[0;39m ==>  Preparing: select * from model where id in (select MODEL_ID from role_model where ROLE_ID=?) order by MODEL_SORT desc,id desc
[2m2022-04-08 15:44:30.666[0;39m [[32mDEBUG[0;39m] [35m19536[0;39m [2m[nio-8080-exec-6 ][0;39m [32mnet.mingsoft.basic.dao.IModelDao.queryModelByRoleId[0;39m:137 [2m:[0;39m ==> Parameters: 48(Integer)
[2m2022-04-08 15:44:30.914[0;39m [[32mDEBUG[0;39m] [35m19536[0;39m [2m[nio-8080-exec-6 ][0;39m [32mnet.mingsoft.basic.dao.IModelDao.queryModelByRoleId[0;39m:137 [2m:[0;39m <==      Total: 74
[2m2022-04-08 15:44:31.126[0;39m [[32mDEBUG[0;39m] [35m19536[0;39m [2m[nio-8080-exec-6 ][0;39m [32mnet.mingsoft.basic.dao.IAppDao.selectList[0;39m:137 [2m:[0;39m ==>  Preparing: SELECT id,app_state,app_name,app_description,app_logo,app_style,app_keyword,app_copyright,app_dir,app_url,app_datetime,app_pay_date,app_pay,create_by,create_date,del,update_by,update_date FROM app
[2m2022-04-08 15:44:31.126[0;39m [[32mDEBUG[0;39m] [35m19536[0;39m [2m[nio-8080-exec-6 ][0;39m [32mnet.mingsoft.basic.dao.IAppDao.selectList[0;39m:137 [2m:[0;39m ==> Parameters: 
[2m2022-04-08 15:44:31.128[0;39m [[32mDEBUG[0;39m] [35m19536[0;39m [2m[nio-8080-exec-6 ][0;39m [32mnet.mingsoft.basic.dao.IAppDao.selectList[0;39m:137 [2m:[0;39m <==      Total: 1
[2m2022-04-08 15:44:31.130[0;39m [[32mDEBUG[0;39m] [35m19536[0;39m [2m[nio-8080-exec-6 ][0;39m [32mnet.mingsoft.basic.util.BasicUtil[0;39m:261 [2m:[0;39m server:localhost,basePath:http://localhost:8080/
[2m2022-04-08 15:44:31.951[0;39m [[32mDEBUG[0;39m] [35m19536[0;39m [2m[nio-8080-exec-6 ][0;39m [32mnet.mingsoft.basic.dao.IManagerDao.selectById[0;39m:137 [2m:[0;39m ==>  Preparing: SELECT id,manager_name,MANAGER_NICKNAME,manager_password,manager_admin,role_ids,del,create_by,create_date,update_by,update_date FROM manager WHERE id=?
[2m2022-04-08 15:44:31.952[0;39m [[32mDEBUG[0;39m] [35m19536[0;39m [2m[nio-8080-exec-6 ][0;39m [32mnet.mingsoft.basic.dao.IManagerDao.selectById[0;39m:137 [2m:[0;39m ==> Parameters: 57(Integer)
[2m2022-04-08 15:44:31.954[0;39m [[32mDEBUG[0;39m] [35m19536[0;39m [2m[nio-8080-exec-6 ][0;39m [32mnet.mingsoft.basic.dao.IManagerDao.selectById[0;39m:137 [2m:[0;39m <==      Total: 1
[2m2022-04-08 15:44:31.959[0;39m [[32mDEBUG[0;39m] [35m19536[0;39m [2m[nio-8080-exec-5 ][0;39m [32mnet.mingsoft.basic.dao.IModelDao.selectList[0;39m:137 [2m:[0;39m ==>  Preparing: SELECT id,model_title,model_datetime,model_id,model_url,model_code,is_child,model_icon,model_sort,model_ismenu,model_parent_ids,create_by,create_date,del,update_by,update_date FROM model
[2m2022-04-08 15:44:31.960[0;39m [[32mDEBUG[0;39m] [35m19536[0;39m [2m[nio-8080-exec-5 ][0;39m [32mnet.mingsoft.basic.dao.IModelDao.selectList[0;39m:137 [2m:[0;39m ==> Parameters: 
[2m2022-04-08 15:44:31.972[0;39m [[32mDEBUG[0;39m] [35m19536[0;39m [2m[nio-8080-exec-5 ][0;39m [32mnet.mingsoft.basic.dao.IModelDao.selectList[0;39m:137 [2m:[0;39m <==      Total: 74
[2m2022-04-08 15:44:38.221[0;39m [[32mDEBUG[0;39m] [35m19536[0;39m [2m[io-8080-exec-10 ][0;39m [32mnet.mingsoft.basic.dao.IModelDao.selectList[0;39m:137 [2m:[0;39m ==>  Preparing: SELECT id,model_title,model_datetime,model_id,model_url,model_code,is_child,model_icon,model_sort,model_ismenu,model_parent_ids,create_by,create_date,del,update_by,update_date FROM model
[2m2022-04-08 15:44:38.222[0;39m [[32mDEBUG[0;39m] [35m19536[0;39m [2m[io-8080-exec-10 ][0;39m [32mnet.mingsoft.basic.dao.IModelDao.selectList[0;39m:137 [2m:[0;39m ==> Parameters: 
[2m2022-04-08 15:44:38.256[0;39m [[32mDEBUG[0;39m] [35m19536[0;39m [2m[io-8080-exec-10 ][0;39m [32mnet.mingsoft.basic.dao.IModelDao.selectList[0;39m:137 [2m:[0;39m <==      Total: 74
[2m2022-04-08 15:44:38.423[0;39m [[32mDEBUG[0;39m] [35m19536[0;39m [2m[io-8080-exec-10 ][0;39m [32mnet.mingsoft.basic.dao.IManagerDao[0;39m:60 [2m:[0;39m Cache Hit Ratio [net.mingsoft.basic.dao.IManagerDao]: 0.0
[2m2022-04-08 15:44:38.423[0;39m [[32mDEBUG[0;39m] [35m19536[0;39m [2m[io-8080-exec-10 ][0;39m [32mnet.mingsoft.basic.dao.IManagerDao.getByEntity[0;39m:137 [2m:[0;39m ==>  Preparing: select * from manager WHERE MANAGER_NAME=? and MANAGER_NICKNAME=? and MANAGER_PASSWORD=? and MANAGER_ADMIN=? and ROLE_IDS=?
[2m2022-04-08 15:44:38.424[0;39m [[32mDEBUG[0;39m] [35m19536[0;39m [2m[io-8080-exec-10 ][0;39m [32mnet.mingsoft.basic.dao.IManagerDao.getByEntity[0;39m:137 [2m:[0;39m ==> Parameters: msopen(String), msopen(String), 9d8622060de5f24937b60585c3f4d66b(String), super(String), 48(String)
[2m2022-04-08 15:44:38.447[0;39m [[32mDEBUG[0;39m] [35m19536[0;39m [2m[io-8080-exec-10 ][0;39m [32mnet.mingsoft.basic.dao.IManagerDao.getByEntity[0;39m:137 [2m:[0;39m <==      Total: 1
[2m2022-04-08 15:44:38.450[0;39m [[33m WARN[0;39m] [35m19536[0;39m [2m[io-8080-exec-10 ][0;39m [33morg.apache.ibatis.io.SerialFilterChecker[0;39m:46 [2m:[0;39m As you are using functionality that deserializes object streams, it is recommended to define the JEP-290 serial filter. Please refer to https://docs.oracle.com/pls/topic/lookup?ctx=javase15&id=GUID-8296D8E8-2B93-4B9A-856E-0A65AF9B8C66
[2m2022-04-08 15:44:38.455[0;39m [[32mDEBUG[0;39m] [35m19536[0;39m [2m[io-8080-exec-10 ][0;39m [32mnet.mingsoft.basic.dao.IModelDao[0;39m:60 [2m:[0;39m Cache Hit Ratio [net.mingsoft.basic.dao.IModelDao]: 0.5
[2m2022-04-08 15:44:38.457[0;39m [[32mDEBUG[0;39m] [35m19536[0;39m [2m[io-8080-exec-10 ][0;39m [32mnet.mingsoft.basic.dao.IManagerDao[0;39m:60 [2m:[0;39m Cache Hit Ratio [net.mingsoft.basic.dao.IManagerDao]: 0.16666666666666666
[2m2022-04-08 15:44:38.461[0;39m [[32mDEBUG[0;39m] [35m19536[0;39m [2m[io-8080-exec-10 ][0;39m [32mnet.mingsoft.basic.dao.IModelDao[0;39m:60 [2m:[0;39m Cache Hit Ratio [net.mingsoft.basic.dao.IModelDao]: 0.6666666666666666
[2m2022-04-08 15:44:38.462[0;39m [[32mDEBUG[0;39m] [35m19536[0;39m [2m[io-8080-exec-10 ][0;39m [32mnet.mingsoft.basic.dao.IManagerDao[0;39m:60 [2m:[0;39m Cache Hit Ratio [net.mingsoft.basic.dao.IManagerDao]: 0.2857142857142857
[2m2022-04-08 15:44:38.464[0;39m [[32mDEBUG[0;39m] [35m19536[0;39m [2m[io-8080-exec-10 ][0;39m [32mnet.mingsoft.basic.dao.IModelDao[0;39m:60 [2m:[0;39m Cache Hit Ratio [net.mingsoft.basic.dao.IModelDao]: 0.75
[2m2022-04-08 15:44:38.466[0;39m [[32mDEBUG[0;39m] [35m19536[0;39m [2m[io-8080-exec-10 ][0;39m [32mnet.mingsoft.basic.dao.IManagerDao[0;39m:60 [2m:[0;39m Cache Hit Ratio [net.mingsoft.basic.dao.IManagerDao]: 0.375
[2m2022-04-08 15:44:38.467[0;39m [[32mDEBUG[0;39m] [35m19536[0;39m [2m[io-8080-exec-10 ][0;39m [32mnet.mingsoft.basic.dao.IModelDao[0;39m:60 [2m:[0;39m Cache Hit Ratio [net.mingsoft.basic.dao.IModelDao]: 0.8
[2m2022-04-08 15:44:38.468[0;39m [[32mDEBUG[0;39m] [35m19536[0;39m [2m[io-8080-exec-10 ][0;39m [32mnet.mingsoft.basic.dao.IManagerDao[0;39m:60 [2m:[0;39m Cache Hit Ratio [net.mingsoft.basic.dao.IManagerDao]: 0.4444444444444444
[2m2022-04-08 15:44:38.469[0;39m [[32mDEBUG[0;39m] [35m19536[0;39m [2m[io-8080-exec-10 ][0;39m [32mnet.mingsoft.basic.dao.IModelDao[0;39m:60 [2m:[0;39m Cache Hit Ratio [net.mingsoft.basic.dao.IModelDao]: 0.8333333333333334
[2m2022-04-08 15:44:38.470[0;39m [[32mDEBUG[0;39m] [35m19536[0;39m [2m[io-8080-exec-10 ][0;39m [32mnet.mingsoft.basic.dao.IManagerDao[0;39m:60 [2m:[0;39m Cache Hit Ratio [net.mingsoft.basic.dao.IManagerDao]: 0.5
[2m2022-04-08 15:44:38.471[0;39m [[32mDEBUG[0;39m] [35m19536[0;39m [2m[io-8080-exec-10 ][0;39m [32mnet.mingsoft.basic.dao.IModelDao[0;39m:60 [2m:[0;39m Cache Hit Ratio [net.mingsoft.basic.dao.IModelDao]: 0.8571428571428571
[2m2022-04-08 15:44:38.471[0;39m [[32mDEBUG[0;39m] [35m19536[0;39m [2m[io-8080-exec-10 ][0;39m [32mnet.mingsoft.basic.dao.IManagerDao[0;39m:60 [2m:[0;39m Cache Hit Ratio [net.mingsoft.basic.dao.IManagerDao]: 0.5454545454545454
[2m2022-04-08 15:44:38.472[0;39m [[32mDEBUG[0;39m] [35m19536[0;39m [2m[io-8080-exec-10 ][0;39m [32mnet.mingsoft.basic.dao.IModelDao[0;39m:60 [2m:[0;39m Cache Hit Ratio [net.mingsoft.basic.dao.IModelDao]: 0.875
[2m2022-04-08 15:44:38.813[0;39m [[32mDEBUG[0;39m] [35m19536[0;39m [2m[nio-8080-exec-1 ][0;39m [32mnet.mingsoft.basic.dao.IModelDao.selectList[0;39m:137 [2m:[0;39m ==>  Preparing: SELECT id,model_title,model_datetime,model_id,model_url,model_code,is_child,model_icon,model_sort,model_ismenu,model_parent_ids,create_by,create_date,del,update_by,update_date FROM model
[2m2022-04-08 15:44:38.813[0;39m [[32mDEBUG[0;39m] [35m19536[0;39m [2m[nio-8080-exec-1 ][0;39m [32mnet.mingsoft.basic.dao.IModelDao.selectList[0;39m:137 [2m:[0;39m ==> Parameters: 
[2m2022-04-08 15:44:38.821[0;39m [[32mDEBUG[0;39m] [35m19536[0;39m [2m[nio-8080-exec-1 ][0;39m [32mnet.mingsoft.basic.dao.IModelDao.selectList[0;39m:137 [2m:[0;39m <==      Total: 74
[2m2022-04-08 15:44:41.132[0;39m [[32mDEBUG[0;39m] [35m19536[0;39m [2m[nio-8080-exec-5 ][0;39m [32mnet.mingsoft.basic.dao.IManagerDao[0;39m:60 [2m:[0;39m Cache Hit Ratio [net.mingsoft.basic.dao.IManagerDao]: 0.5833333333333334
[2m2022-04-08 15:44:41.133[0;39m [[32mDEBUG[0;39m] [35m19536[0;39m [2m[nio-8080-exec-5 ][0;39m [32mnet.mingsoft.basic.dao.IModelDao[0;39m:60 [2m:[0;39m Cache Hit Ratio [net.mingsoft.basic.dao.IModelDao]: 0.8888888888888888
[2m2022-04-08 15:44:41.136[0;39m [[32mDEBUG[0;39m] [35m19536[0;39m [2m[nio-8080-exec-5 ][0;39m [32mnet.mingsoft.basic.dao.IManagerDao[0;39m:60 [2m:[0;39m Cache Hit Ratio [net.mingsoft.basic.dao.IManagerDao]: 0.6153846153846154
[2m2022-04-08 15:44:41.137[0;39m [[32mDEBUG[0;39m] [35m19536[0;39m [2m[nio-8080-exec-5 ][0;39m [32mnet.mingsoft.basic.dao.IModelDao[0;39m:60 [2m:[0;39m Cache Hit Ratio [net.mingsoft.basic.dao.IModelDao]: 0.9
[2m2022-04-08 15:44:41.138[0;39m [[32mDEBUG[0;39m] [35m19536[0;39m [2m[nio-8080-exec-5 ][0;39m [32mnet.mingsoft.basic.dao.IManagerDao[0;39m:60 [2m:[0;39m Cache Hit Ratio [net.mingsoft.basic.dao.IManagerDao]: 0.6428571428571429
[2m2022-04-08 15:44:41.140[0;39m [[32mDEBUG[0;39m] [35m19536[0;39m [2m[nio-8080-exec-5 ][0;39m [32mnet.mingsoft.basic.dao.IModelDao[0;39m:60 [2m:[0;39m Cache Hit Ratio [net.mingsoft.basic.dao.IModelDao]: 0.9090909090909091
[2m2022-04-08 15:44:41.142[0;39m [[32mDEBUG[0;39m] [35m19536[0;39m [2m[nio-8080-exec-5 ][0;39m [32mnet.mingsoft.basic.dao.IManagerDao[0;39m:60 [2m:[0;39m Cache Hit Ratio [net.mingsoft.basic.dao.IManagerDao]: 0.6666666666666666
[2m2022-04-08 15:44:41.144[0;39m [[32mDEBUG[0;39m] [35m19536[0;39m [2m[nio-8080-exec-5 ][0;39m [32mnet.mingsoft.basic.dao.IModelDao[0;39m:60 [2m:[0;39m Cache Hit Ratio [net.mingsoft.basic.dao.IModelDao]: 0.9166666666666666
[2m2022-04-08 15:44:42.266[0;39m [[32mDEBUG[0;39m] [35m19536[0;39m [2m[nio-8080-exec-8 ][0;39m [32mnet.mingsoft.basic.dao.IRoleDao[0;39m:60 [2m:[0;39m Cache Hit Ratio [net.mingsoft.basic.dao.IRoleDao]: 0.0
[2m2022-04-08 15:44:42.266[0;39m [[32mDEBUG[0;39m] [35m19536[0;39m [2m[nio-8080-exec-8 ][0;39m [32mnet.mingsoft.basic.dao.IRoleDao.query_COUNT[0;39m:137 [2m:[0;39m ==>  Preparing: SELECT count(0) FROM role
[2m2022-04-08 15:44:42.266[0;39m [[32mDEBUG[0;39m] [35m19536[0;39m [2m[nio-8080-exec-8 ][0;39m [32mnet.mingsoft.basic.dao.IRoleDao.query_COUNT[0;39m:137 [2m:[0;39m ==> Parameters: 
[2m2022-04-08 15:44:42.321[0;39m [[32mDEBUG[0;39m] [35m19536[0;39m [2m[nio-8080-exec-8 ][0;39m [32mnet.mingsoft.basic.dao.IRoleDao.query_COUNT[0;39m:137 [2m:[0;39m <==      Total: 1
[2m2022-04-08 15:44:42.324[0;39m [[32mDEBUG[0;39m] [35m19536[0;39m [2m[nio-8080-exec-8 ][0;39m [32mnet.mingsoft.basic.dao.IRoleDao[0;39m:60 [2m:[0;39m Cache Hit Ratio [net.mingsoft.basic.dao.IRoleDao]: 0.0
[2m2022-04-08 15:44:42.324[0;39m [[32mDEBUG[0;39m] [35m19536[0;39m [2m[nio-8080-exec-8 ][0;39m [32mnet.mingsoft.basic.dao.IRoleDao.query[0;39m:137 [2m:[0;39m ==>  Preparing: select * from role order by id desc LIMIT ?
[2m2022-04-08 15:44:42.324[0;39m [[32mDEBUG[0;39m] [35m19536[0;39m [2m[nio-8080-exec-8 ][0;39m [32mnet.mingsoft.basic.dao.IRoleDao.query[0;39m:137 [2m:[0;39m ==> Parameters: 20(Integer)
[2m2022-04-08 15:44:42.329[0;39m [[32mDEBUG[0;39m] [35m19536[0;39m [2m[nio-8080-exec-8 ][0;39m [32mnet.mingsoft.basic.dao.IRoleDao.query[0;39m:137 [2m:[0;39m <==      Total: 1
[2m2022-04-08 15:45:13.747[0;39m [[32mDEBUG[0;39m] [35m19536[0;39m [2m[nio-8080-exec-1 ][0;39m [32mnet.mingsoft.basic.dao.IManagerDao[0;39m:60 [2m:[0;39m Cache Hit Ratio [net.mingsoft.basic.dao.IManagerDao]: 0.6875
[2m2022-04-08 15:45:13.748[0;39m [[32mDEBUG[0;39m] [35m19536[0;39m [2m[nio-8080-exec-1 ][0;39m [32mnet.mingsoft.basic.dao.IModelDao[0;39m:60 [2m:[0;39m Cache Hit Ratio [net.mingsoft.basic.dao.IModelDao]: 0.9230769230769231
[2m2022-04-08 15:45:13.750[0;39m [[32mDEBUG[0;39m] [35m19536[0;39m [2m[nio-8080-exec-1 ][0;39m [32mnet.mingsoft.basic.dao.IManagerDao[0;39m:60 [2m:[0;39m Cache Hit Ratio [net.mingsoft.basic.dao.IManagerDao]: 0.7058823529411765
[2m2022-04-08 15:45:13.751[0;39m [[32mDEBUG[0;39m] [35m19536[0;39m [2m[nio-8080-exec-1 ][0;39m [32mnet.mingsoft.basic.dao.IModelDao[0;39m:60 [2m:[0;39m Cache Hit Ratio [net.mingsoft.basic.dao.IModelDao]: 0.9285714285714286
[2m2022-04-08 15:45:13.760[0;39m [[32mDEBUG[0;39m] [35m19536[0;39m [2m[nio-8080-exec-1 ][0;39m [32mnet.mingsoft.basic.dao.IManagerDao[0;39m:60 [2m:[0;39m Cache Hit Ratio [net.mingsoft.basic.dao.IManagerDao]: 0.7222222222222222
[2m2022-04-08 15:45:13.761[0;39m [[32mDEBUG[0;39m] [35m19536[0;39m [2m[nio-8080-exec-1 ][0;39m [32mnet.mingsoft.basic.dao.IModelDao[0;39m:60 [2m:[0;39m Cache Hit Ratio [net.mingsoft.basic.dao.IModelDao]: 0.9333333333333333
[2m2022-04-08 15:45:13.762[0;39m [[32mDEBUG[0;39m] [35m19536[0;39m [2m[nio-8080-exec-1 ][0;39m [32mnet.mingsoft.basic.dao.IManagerDao[0;39m:60 [2m:[0;39m Cache Hit Ratio [net.mingsoft.basic.dao.IManagerDao]: 0.7368421052631579
[2m2022-04-08 15:45:13.762[0;39m [[32mDEBUG[0;39m] [35m19536[0;39m [2m[nio-8080-exec-1 ][0;39m [32mnet.mingsoft.basic.dao.IModelDao[0;39m:60 [2m:[0;39m Cache Hit Ratio [net.mingsoft.basic.dao.IModelDao]: 0.9375
[2m2022-04-08 15:45:14.773[0;39m [[32mDEBUG[0;39m] [35m19536[0;39m [2m[nio-8080-exec-2 ][0;39m [32mnet.mingsoft.basic.dao.IManagerDao.selectList_COUNT[0;39m:137 [2m:[0;39m ==>  Preparing: SELECT count(0) FROM manager
[2m2022-04-08 15:45:14.773[0;39m [[32mDEBUG[0;39m] [35m19536[0;39m [2m[nio-8080-exec-2 ][0;39m [32mnet.mingsoft.basic.dao.IManagerDao.selectList_COUNT[0;39m:137 [2m:[0;39m ==> Parameters: 
[2m2022-04-08 15:45:14.775[0;39m [[32mDEBUG[0;39m] [35m19536[0;39m [2m[nio-8080-exec-2 ][0;39m [32mnet.mingsoft.basic.dao.IManagerDao.selectList_COUNT[0;39m:137 [2m:[0;39m <==      Total: 1
[2m2022-04-08 15:45:14.775[0;39m [[32mDEBUG[0;39m] [35m19536[0;39m [2m[nio-8080-exec-2 ][0;39m [32mnet.mingsoft.basic.dao.IManagerDao.selectList[0;39m:137 [2m:[0;39m ==>  Preparing: SELECT id,manager_name,MANAGER_NICKNAME,manager_password,manager_admin,role_ids,del,create_by,create_date,update_by,update_date FROM manager LIMIT ?
[2m2022-04-08 15:45:14.776[0;39m [[32mDEBUG[0;39m] [35m19536[0;39m [2m[nio-8080-exec-2 ][0;39m [32mnet.mingsoft.basic.dao.IManagerDao.selectList[0;39m:137 [2m:[0;39m ==> Parameters: 20(Integer)
[2m2022-04-08 15:45:14.777[0;39m [[32mDEBUG[0;39m] [35m19536[0;39m [2m[nio-8080-exec-2 ][0;39m [32mnet.mingsoft.basic.dao.IManagerDao.selectList[0;39m:137 [2m:[0;39m <==      Total: 1
[2m2022-04-08 15:45:14.779[0;39m [[32mDEBUG[0;39m] [35m19536[0;39m [2m[nio-8080-exec-2 ][0;39m [32mnet.mingsoft.basic.dao.IRoleDao.selectList[0;39m:137 [2m:[0;39m ==>  Preparing: SELECT id,role_name,not_del,create_by,create_date,del,update_by,update_date FROM role
[2m2022-04-08 15:45:14.779[0;39m [[32mDEBUG[0;39m] [35m19536[0;39m [2m[nio-8080-exec-2 ][0;39m [32mnet.mingsoft.basic.dao.IRoleDao.selectList[0;39m:137 [2m:[0;39m ==> Parameters: 
[2m2022-04-08 15:45:14.780[0;39m [[32mDEBUG[0;39m] [35m19536[0;39m [2m[nio-8080-exec-2 ][0;39m [32mnet.mingsoft.basic.dao.IRoleDao.selectList[0;39m:137 [2m:[0;39m <==      Total: 1
[2m2022-04-08 15:47:21.637[0;39m [[32mDEBUG[0;39m] [35m19536[0;39m [2m[nio-8080-exec-6 ][0;39m [32mnet.mingsoft.basic.dao.IAppDao.selectList[0;39m:137 [2m:[0;39m ==>  Preparing: SELECT id,app_state,app_name,app_description,app_logo,app_style,app_keyword,app_copyright,app_dir,app_url,app_datetime,app_pay_date,app_pay,create_by,create_date,del,update_by,update_date FROM app
[2m2022-04-08 15:47:21.638[0;39m [[32mDEBUG[0;39m] [35m19536[0;39m [2m[nio-8080-exec-6 ][0;39m [32mnet.mingsoft.basic.dao.IAppDao.selectList[0;39m:137 [2m:[0;39m ==> Parameters: 
[2m2022-04-08 15:47:21.641[0;39m [[32mDEBUG[0;39m] [35m19536[0;39m [2m[nio-8080-exec-6 ][0;39m [32mnet.mingsoft.basic.dao.IAppDao.selectList[0;39m:137 [2m:[0;39m <==      Total: 1
[2m2022-04-08 15:47:21.646[0;39m [[32mDEBUG[0;39m] [35m19536[0;39m [2m[nio-8080-exec-6 ][0;39m [32mnet.mingsoft.basic.util.BasicUtil[0;39m:261 [2m:[0;39m server:localhost,basePath:http://localhost:8080/
[2m2022-04-08 15:47:39.271[0;39m [[32mDEBUG[0;39m] [35m19536[0;39m [2m[nio-8080-exec-5 ][0;39m [32mnet.mingsoft.basic.action.web.LoginAction[0;39m:111 [2m:[0;39m basic checkLogin
[2m2022-04-08 15:47:39.271[0;39m [[32mDEBUG[0;39m] [35m19536[0;39m [2m[nio-8080-exec-5 ][0;39m [32mnet.mingsoft.basic.action.web.LoginAction[0;39m:181 [2m:[0;39m session_code:57mu requestCode:57mu
[2m2022-04-08 15:47:39.272[0;39m [[32mDEBUG[0;39m] [35m19536[0;39m [2m[nio-8080-exec-5 ][0;39m [32mnet.mingsoft.basic.dao.IManagerDao.updateCache[0;39m:137 [2m:[0;39m ==>  Preparing: UPDATE manager set del=0 where 1=-1
[2m2022-04-08 15:47:39.272[0;39m [[32mDEBUG[0;39m] [35m19536[0;39m [2m[nio-8080-exec-5 ][0;39m [32mnet.mingsoft.basic.dao.IManagerDao.updateCache[0;39m:137 [2m:[0;39m ==> Parameters: 
[2m2022-04-08 15:47:39.275[0;39m [[32mDEBUG[0;39m] [35m19536[0;39m [2m[nio-8080-exec-5 ][0;39m [32mnet.mingsoft.basic.dao.IManagerDao.updateCache[0;39m:137 [2m:[0;39m <==    Updates: 0
[2m2022-04-08 15:47:39.277[0;39m [[32mDEBUG[0;39m] [35m19536[0;39m [2m[nio-8080-exec-5 ][0;39m [32mnet.mingsoft.basic.dao.IManagerDao[0;39m:60 [2m:[0;39m Cache Hit Ratio [net.mingsoft.basic.dao.IManagerDao]: 0.7
[2m2022-04-08 15:47:39.277[0;39m [[32mDEBUG[0;39m] [35m19536[0;39m [2m[nio-8080-exec-5 ][0;39m [32mnet.mingsoft.basic.dao.IManagerDao.getByEntity[0;39m:137 [2m:[0;39m ==>  Preparing: select * from manager WHERE MANAGER_NAME=?
[2m2022-04-08 15:47:39.278[0;39m [[32mDEBUG[0;39m] [35m19536[0;39m [2m[nio-8080-exec-5 ][0;39m [32mnet.mingsoft.basic.dao.IManagerDao.getByEntity[0;39m:137 [2m:[0;39m ==> Parameters: admin(String)
[2m2022-04-08 15:47:39.280[0;39m [[32mDEBUG[0;39m] [35m19536[0;39m [2m[nio-8080-exec-5 ][0;39m [32mnet.mingsoft.basic.dao.IManagerDao.getByEntity[0;39m:137 [2m:[0;39m <==      Total: 1
[2m2022-04-08 15:47:46.769[0;39m [[32mDEBUG[0;39m] [35m19536[0;39m [2m[io-8080-exec-10 ][0;39m [32mnet.mingsoft.basic.action.web.LoginAction[0;39m:111 [2m:[0;39m basic checkLogin
[2m2022-04-08 15:47:46.769[0;39m [[32mDEBUG[0;39m] [35m19536[0;39m [2m[io-8080-exec-10 ][0;39m [32mnet.mingsoft.basic.action.web.LoginAction[0;39m:181 [2m:[0;39m session_code:v8g7 requestCode:57mu
[2m2022-04-08 15:48:01.287[0;39m [[32mDEBUG[0;39m] [35m19536[0;39m [2m[nio-8080-exec-4 ][0;39m [32mnet.mingsoft.basic.action.web.LoginAction[0;39m:111 [2m:[0;39m basic checkLogin
[2m2022-04-08 15:48:01.288[0;39m [[32mDEBUG[0;39m] [35m19536[0;39m [2m[nio-8080-exec-4 ][0;39m [32mnet.mingsoft.basic.action.web.LoginAction[0;39m:181 [2m:[0;39m session_code:5tmt requestCode:5tmt
[2m2022-04-08 15:48:01.288[0;39m [[32mDEBUG[0;39m] [35m19536[0;39m [2m[nio-8080-exec-4 ][0;39m [32mnet.mingsoft.basic.dao.IManagerDao.updateCache[0;39m:137 [2m:[0;39m ==>  Preparing: UPDATE manager set del=0 where 1=-1
[2m2022-04-08 15:48:01.289[0;39m [[32mDEBUG[0;39m] [35m19536[0;39m [2m[nio-8080-exec-4 ][0;39m [32mnet.mingsoft.basic.dao.IManagerDao.updateCache[0;39m:137 [2m:[0;39m ==> Parameters: 
[2m2022-04-08 15:48:01.290[0;39m [[32mDEBUG[0;39m] [35m19536[0;39m [2m[nio-8080-exec-4 ][0;39m [32mnet.mingsoft.basic.dao.IManagerDao.updateCache[0;39m:137 [2m:[0;39m <==    Updates: 0
[2m2022-04-08 15:48:01.291[0;39m [[32mDEBUG[0;39m] [35m19536[0;39m [2m[nio-8080-exec-4 ][0;39m [32mnet.mingsoft.basic.dao.IManagerDao[0;39m:60 [2m:[0;39m Cache Hit Ratio [net.mingsoft.basic.dao.IManagerDao]: 0.6666666666666666
[2m2022-04-08 15:48:01.292[0;39m [[32mDEBUG[0;39m] [35m19536[0;39m [2m[nio-8080-exec-4 ][0;39m [32mnet.mingsoft.basic.dao.IManagerDao.getByEntity[0;39m:137 [2m:[0;39m ==>  Preparing: select * from manager WHERE MANAGER_NAME=?
[2m2022-04-08 15:48:01.292[0;39m [[32mDEBUG[0;39m] [35m19536[0;39m [2m[nio-8080-exec-4 ][0;39m [32mnet.mingsoft.basic.dao.IManagerDao.getByEntity[0;39m:137 [2m:[0;39m ==> Parameters: admin(String)
[2m2022-04-08 15:48:01.293[0;39m [[32mDEBUG[0;39m] [35m19536[0;39m [2m[nio-8080-exec-4 ][0;39m [32mnet.mingsoft.basic.dao.IManagerDao.getByEntity[0;39m:137 [2m:[0;39m <==      Total: 1
[2m2022-04-08 15:48:48.938[0;39m [[32mDEBUG[0;39m] [35m19536[0;39m [2m[nio-8080-exec-9 ][0;39m [32mnet.mingsoft.basic.action.web.LoginAction[0;39m:111 [2m:[0;39m basic checkLogin
[2m2022-04-08 15:48:48.939[0;39m [[32mDEBUG[0;39m] [35m19536[0;39m [2m[nio-8080-exec-9 ][0;39m [32mnet.mingsoft.basic.action.web.LoginAction[0;39m:181 [2m:[0;39m session_code:a8zq requestCode:a8zq
[2m2022-04-08 15:48:48.940[0;39m [[32mDEBUG[0;39m] [35m19536[0;39m [2m[nio-8080-exec-9 ][0;39m [32mnet.mingsoft.basic.dao.IManagerDao.updateCache[0;39m:137 [2m:[0;39m ==>  Preparing: UPDATE manager set del=0 where 1=-1
[2m2022-04-08 15:48:48.941[0;39m [[32mDEBUG[0;39m] [35m19536[0;39m [2m[nio-8080-exec-9 ][0;39m [32mnet.mingsoft.basic.dao.IManagerDao.updateCache[0;39m:137 [2m:[0;39m ==> Parameters: 
[2m2022-04-08 15:48:48.943[0;39m [[32mDEBUG[0;39m] [35m19536[0;39m [2m[nio-8080-exec-9 ][0;39m [32mnet.mingsoft.basic.dao.IManagerDao.updateCache[0;39m:137 [2m:[0;39m <==    Updates: 0
[2m2022-04-08 15:48:48.944[0;39m [[32mDEBUG[0;39m] [35m19536[0;39m [2m[nio-8080-exec-9 ][0;39m [32mnet.mingsoft.basic.dao.IManagerDao[0;39m:60 [2m:[0;39m Cache Hit Ratio [net.mingsoft.basic.dao.IManagerDao]: 0.6363636363636364
[2m2022-04-08 15:48:48.945[0;39m [[32mDEBUG[0;39m] [35m19536[0;39m [2m[nio-8080-exec-9 ][0;39m [32mnet.mingsoft.basic.dao.IManagerDao.getByEntity[0;39m:137 [2m:[0;39m ==>  Preparing: select * from manager WHERE MANAGER_NAME=?
[2m2022-04-08 15:48:48.945[0;39m [[32mDEBUG[0;39m] [35m19536[0;39m [2m[nio-8080-exec-9 ][0;39m [32mnet.mingsoft.basic.dao.IManagerDao.getByEntity[0;39m:137 [2m:[0;39m ==> Parameters: admin(String)
[2m2022-04-08 15:48:48.948[0;39m [[32mDEBUG[0;39m] [35m19536[0;39m [2m[nio-8080-exec-9 ][0;39m [32mnet.mingsoft.basic.dao.IManagerDao.getByEntity[0;39m:137 [2m:[0;39m <==      Total: 1
[2m2022-04-08 15:48:50.038[0;39m [[32mDEBUG[0;39m] [35m19536[0;39m [2m[nio-8080-exec-3 ][0;39m [32mnet.mingsoft.basic.action.web.LoginAction[0;39m:111 [2m:[0;39m basic checkLogin
[2m2022-04-08 15:48:50.038[0;39m [[32mDEBUG[0;39m] [35m19536[0;39m [2m[nio-8080-exec-3 ][0;39m [32mnet.mingsoft.basic.action.web.LoginAction[0;39m:181 [2m:[0;39m session_code:zzbo requestCode:a8zq
[2m2022-04-08 15:49:34.732[0;39m [[32mDEBUG[0;39m] [35m19536[0;39m [2m[nio-8080-exec-8 ][0;39m [32mnet.mingsoft.basic.action.web.LoginAction[0;39m:111 [2m:[0;39m basic checkLogin
[2m2022-04-08 15:49:34.733[0;39m [[32mDEBUG[0;39m] [35m19536[0;39m [2m[nio-8080-exec-8 ][0;39m [32mnet.mingsoft.basic.action.web.LoginAction[0;39m:181 [2m:[0;39m session_code:ztr1 requestCode:ztr1
[2m2022-04-08 15:49:34.733[0;39m [[32mDEBUG[0;39m] [35m19536[0;39m [2m[nio-8080-exec-8 ][0;39m [32mnet.mingsoft.basic.dao.IManagerDao.updateCache[0;39m:137 [2m:[0;39m ==>  Preparing: UPDATE manager set del=0 where 1=-1
[2m2022-04-08 15:49:34.734[0;39m [[32mDEBUG[0;39m] [35m19536[0;39m [2m[nio-8080-exec-8 ][0;39m [32mnet.mingsoft.basic.dao.IManagerDao.updateCache[0;39m:137 [2m:[0;39m ==> Parameters: 
[2m2022-04-08 15:49:34.736[0;39m [[32mDEBUG[0;39m] [35m19536[0;39m [2m[nio-8080-exec-8 ][0;39m [32mnet.mingsoft.basic.dao.IManagerDao.updateCache[0;39m:137 [2m:[0;39m <==    Updates: 0
[2m2022-04-08 15:49:34.737[0;39m [[32mDEBUG[0;39m] [35m19536[0;39m [2m[nio-8080-exec-8 ][0;39m [32mnet.mingsoft.basic.dao.IManagerDao[0;39m:60 [2m:[0;39m Cache Hit Ratio [net.mingsoft.basic.dao.IManagerDao]: 0.6086956521739131
[2m2022-04-08 15:49:34.738[0;39m [[32mDEBUG[0;39m] [35m19536[0;39m [2m[nio-8080-exec-8 ][0;39m [32mnet.mingsoft.basic.dao.IManagerDao.getByEntity[0;39m:137 [2m:[0;39m ==>  Preparing: select * from manager WHERE MANAGER_NAME=?
[2m2022-04-08 15:49:34.738[0;39m [[32mDEBUG[0;39m] [35m19536[0;39m [2m[nio-8080-exec-8 ][0;39m [32mnet.mingsoft.basic.dao.IManagerDao.getByEntity[0;39m:137 [2m:[0;39m ==> Parameters: msopen (String)
[2m2022-04-08 15:49:34.740[0;39m [[32mDEBUG[0;39m] [35m19536[0;39m [2m[nio-8080-exec-8 ][0;39m [32mnet.mingsoft.basic.dao.IManagerDao.getByEntity[0;39m:137 [2m:[0;39m <==      Total: 1
[2m2022-04-08 15:49:40.226[0;39m [[32mDEBUG[0;39m] [35m19536[0;39m [2m[nio-8080-exec-1 ][0;39m [32mnet.mingsoft.basic.action.web.LoginAction[0;39m:111 [2m:[0;39m basic checkLogin
[2m2022-04-08 15:49:40.226[0;39m [[32mDEBUG[0;39m] [35m19536[0;39m [2m[nio-8080-exec-1 ][0;39m [32mnet.mingsoft.basic.action.web.LoginAction[0;39m:181 [2m:[0;39m session_code:kuk5 requestCode:ztr1
[2m2022-04-08 15:49:40.888[0;39m [[32mDEBUG[0;39m] [35m19536[0;39m [2m[nio-8080-exec-2 ][0;39m [32mnet.mingsoft.basic.action.web.LoginAction[0;39m:111 [2m:[0;39m basic checkLogin
[2m2022-04-08 15:49:40.888[0;39m [[32mDEBUG[0;39m] [35m19536[0;39m [2m[nio-8080-exec-2 ][0;39m [32mnet.mingsoft.basic.action.web.LoginAction[0;39m:181 [2m:[0;39m session_code:tqdu requestCode:ztr1
[2m2022-04-08 15:49:41.079[0;39m [[32mDEBUG[0;39m] [35m19536[0;39m [2m[nio-8080-exec-9 ][0;39m [32mnet.mingsoft.basic.action.web.LoginAction[0;39m:111 [2m:[0;39m basic checkLogin
[2m2022-04-08 15:49:41.079[0;39m [[32mDEBUG[0;39m] [35m19536[0;39m [2m[nio-8080-exec-9 ][0;39m [32mnet.mingsoft.basic.action.web.LoginAction[0;39m:181 [2m:[0;39m session_code:j1s1 requestCode:ztr1
[2m2022-04-08 15:51:57.642[0;39m [[32mDEBUG[0;39m] [35m19536[0;39m [2m[nio-8080-exec-5 ][0;39m [32mnet.mingsoft.basic.action.web.LoginAction[0;39m:111 [2m:[0;39m basic checkLogin
[2m2022-04-08 15:51:57.642[0;39m [[32mDEBUG[0;39m] [35m19536[0;39m [2m[nio-8080-exec-5 ][0;39m [32mnet.mingsoft.basic.action.web.LoginAction[0;39m:181 [2m:[0;39m session_code:124c requestCode:124c
[2m2022-04-08 15:51:57.743[0;39m [[32mDEBUG[0;39m] [35m19536[0;39m [2m[nio-8080-exec-5 ][0;39m [32mnet.mingsoft.basic.dao.IManagerDao.updateCache[0;39m:137 [2m:[0;39m ==>  Preparing: UPDATE manager set del=0 where 1=-1
[2m2022-04-08 15:51:57.744[0;39m [[32mDEBUG[0;39m] [35m19536[0;39m [2m[nio-8080-exec-5 ][0;39m [32mnet.mingsoft.basic.dao.IManagerDao.updateCache[0;39m:137 [2m:[0;39m ==> Parameters: 
[2m2022-04-08 15:51:57.746[0;39m [[32mDEBUG[0;39m] [35m19536[0;39m [2m[nio-8080-exec-5 ][0;39m [32mnet.mingsoft.basic.dao.IManagerDao.updateCache[0;39m:137 [2m:[0;39m <==    Updates: 0
[2m2022-04-08 15:51:57.747[0;39m [[32mDEBUG[0;39m] [35m19536[0;39m [2m[nio-8080-exec-5 ][0;39m [32mnet.mingsoft.basic.dao.IManagerDao[0;39m:60 [2m:[0;39m Cache Hit Ratio [net.mingsoft.basic.dao.IManagerDao]: 0.5833333333333334
[2m2022-04-08 15:51:57.747[0;39m [[32mDEBUG[0;39m] [35m19536[0;39m [2m[nio-8080-exec-5 ][0;39m [32mnet.mingsoft.basic.dao.IManagerDao.getByEntity[0;39m:137 [2m:[0;39m ==>  Preparing: select * from manager WHERE MANAGER_NAME=?
[2m2022-04-08 15:51:57.747[0;39m [[32mDEBUG[0;39m] [35m19536[0;39m [2m[nio-8080-exec-5 ][0;39m [32mnet.mingsoft.basic.dao.IManagerDao.getByEntity[0;39m:137 [2m:[0;39m ==> Parameters: msopen (String)
[2m2022-04-08 15:51:57.748[0;39m [[32mDEBUG[0;39m] [35m19536[0;39m [2m[nio-8080-exec-5 ][0;39m [32mnet.mingsoft.basic.dao.IManagerDao.getByEntity[0;39m:137 [2m:[0;39m <==      Total: 1
[2m2022-04-08 15:51:57.750[0;39m [[32mDEBUG[0;39m] [35m19536[0;39m [2m[nio-8080-exec-5 ][0;39m [32mnet.mingsoft.basic.dao.IManagerDao[0;39m:60 [2m:[0;39m Cache Hit Ratio [net.mingsoft.basic.dao.IManagerDao]: 0.56
[2m2022-04-08 15:51:57.750[0;39m [[32mDEBUG[0;39m] [35m19536[0;39m [2m[nio-8080-exec-5 ][0;39m [32mnet.mingsoft.basic.dao.IManagerDao.getByEntity[0;39m:137 [2m:[0;39m ==>  Preparing: select * from manager WHERE MANAGER_NAME=?
[2m2022-04-08 15:51:57.750[0;39m [[32mDEBUG[0;39m] [35m19536[0;39m [2m[nio-8080-exec-5 ][0;39m [32mnet.mingsoft.basic.dao.IManagerDao.getByEntity[0;39m:137 [2m:[0;39m ==> Parameters: msopen(String)
[2m2022-04-08 15:51:57.751[0;39m [[32mDEBUG[0;39m] [35m19536[0;39m [2m[nio-8080-exec-5 ][0;39m [32mnet.mingsoft.basic.dao.IManagerDao.getByEntity[0;39m:137 [2m:[0;39m <==      Total: 1
[2m2022-04-08 15:51:57.789[0;39m [[32mDEBUG[0;39m] [35m19536[0;39m [2m[nio-8080-exec-8 ][0;39m [32mnet.mingsoft.basic.dao.IModelDao[0;39m:60 [2m:[0;39m Cache Hit Ratio [net.mingsoft.basic.dao.IModelDao]: 0.9411764705882353
[2m2022-04-08 15:51:57.794[0;39m [[32mDEBUG[0;39m] [35m19536[0;39m [2m[nio-8080-exec-8 ][0;39m [32mnet.mingsoft.basic.dao.IAppDao.selectList[0;39m:137 [2m:[0;39m ==>  Preparing: SELECT id,app_state,app_name,app_description,app_logo,app_style,app_keyword,app_copyright,app_dir,app_url,app_datetime,app_pay_date,app_pay,create_by,create_date,del,update_by,update_date FROM app
[2m2022-04-08 15:51:57.795[0;39m [[32mDEBUG[0;39m] [35m19536[0;39m [2m[nio-8080-exec-8 ][0;39m [32mnet.mingsoft.basic.dao.IAppDao.selectList[0;39m:137 [2m:[0;39m ==> Parameters: 
[2m2022-04-08 15:51:57.796[0;39m [[32mDEBUG[0;39m] [35m19536[0;39m [2m[nio-8080-exec-8 ][0;39m [32mnet.mingsoft.basic.dao.IAppDao.selectList[0;39m:137 [2m:[0;39m <==      Total: 1
[2m2022-04-08 15:51:57.798[0;39m [[32mDEBUG[0;39m] [35m19536[0;39m [2m[nio-8080-exec-8 ][0;39m [32mnet.mingsoft.basic.util.BasicUtil[0;39m:261 [2m:[0;39m server:localhost,basePath:http://localhost:8080/
[2m2022-04-08 15:51:58.436[0;39m [[32mDEBUG[0;39m] [35m19536[0;39m [2m[nio-8080-exec-2 ][0;39m [32mnet.mingsoft.basic.dao.IModelDao.selectList[0;39m:137 [2m:[0;39m ==>  Preparing: SELECT id,model_title,model_datetime,model_id,model_url,model_code,is_child,model_icon,model_sort,model_ismenu,model_parent_ids,create_by,create_date,del,update_by,update_date FROM model
[2m2022-04-08 15:51:58.436[0;39m [[32mDEBUG[0;39m] [35m19536[0;39m [2m[nio-8080-exec-2 ][0;39m [32mnet.mingsoft.basic.dao.IModelDao.selectList[0;39m:137 [2m:[0;39m ==> Parameters: 
[2m2022-04-08 15:51:58.447[0;39m [[32mDEBUG[0;39m] [35m19536[0;39m [2m[nio-8080-exec-2 ][0;39m [32mnet.mingsoft.basic.dao.IModelDao.selectList[0;39m:137 [2m:[0;39m <==      Total: 74
[2m2022-04-08 15:51:58.450[0;39m [[32mDEBUG[0;39m] [35m19536[0;39m [2m[nio-8080-exec-7 ][0;39m [32mnet.mingsoft.basic.dao.IManagerDao.selectById[0;39m:137 [2m:[0;39m ==>  Preparing: SELECT id,manager_name,MANAGER_NICKNAME,manager_password,manager_admin,role_ids,del,create_by,create_date,update_by,update_date FROM manager WHERE id=?
[2m2022-04-08 15:51:58.451[0;39m [[32mDEBUG[0;39m] [35m19536[0;39m [2m[nio-8080-exec-7 ][0;39m [32mnet.mingsoft.basic.dao.IManagerDao.selectById[0;39m:137 [2m:[0;39m ==> Parameters: 57(Integer)
[2m2022-04-08 15:51:58.453[0;39m [[32mDEBUG[0;39m] [35m19536[0;39m [2m[nio-8080-exec-7 ][0;39m [32mnet.mingsoft.basic.dao.IManagerDao.selectById[0;39m:137 [2m:[0;39m <==      Total: 1
[2m2022-04-08 15:52:21.405[0;39m [[32mDEBUG[0;39m] [35m19536[0;39m [2m[nio-8080-exec-9 ][0;39m [32mnet.mingsoft.basic.dao.IModelDao.selectList[0;39m:137 [2m:[0;39m ==>  Preparing: SELECT id,model_title,model_datetime,model_id,model_url,model_code,is_child,model_icon,model_sort,model_ismenu,model_parent_ids,create_by,create_date,del,update_by,update_date FROM model
[2m2022-04-08 15:52:21.406[0;39m [[32mDEBUG[0;39m] [35m19536[0;39m [2m[nio-8080-exec-9 ][0;39m [32mnet.mingsoft.basic.dao.IModelDao.selectList[0;39m:137 [2m:[0;39m ==> Parameters: 
[2m2022-04-08 15:52:21.415[0;39m [[32mDEBUG[0;39m] [35m19536[0;39m [2m[nio-8080-exec-9 ][0;39m [32mnet.mingsoft.basic.dao.IModelDao.selectList[0;39m:137 [2m:[0;39m <==      Total: 74
[2m2022-04-08 15:52:21.428[0;39m [[32mDEBUG[0;39m] [35m19536[0;39m [2m[nio-8080-exec-9 ][0;39m [32mnet.mingsoft.basic.dao.IManagerDao[0;39m:60 [2m:[0;39m Cache Hit Ratio [net.mingsoft.basic.dao.IManagerDao]: 0.5384615384615384
[2m2022-04-08 15:52:21.429[0;39m [[32mDEBUG[0;39m] [35m19536[0;39m [2m[nio-8080-exec-9 ][0;39m [32mnet.mingsoft.basic.dao.IManagerDao.getByEntity[0;39m:137 [2m:[0;39m ==>  Preparing: select * from manager WHERE MANAGER_NAME=? and MANAGER_NICKNAME=? and MANAGER_PASSWORD=? and MANAGER_ADMIN=? and ROLE_IDS=?
[2m2022-04-08 15:52:21.431[0;39m [[32mDEBUG[0;39m] [35m19536[0;39m [2m[nio-8080-exec-9 ][0;39m [32mnet.mingsoft.basic.dao.IManagerDao.getByEntity[0;39m:137 [2m:[0;39m ==> Parameters: msopen(String), msopen(String), 9d8622060de5f24937b60585c3f4d66b(String), super(String), 48(String)
[2m2022-04-08 15:52:21.433[0;39m [[32mDEBUG[0;39m] [35m19536[0;39m [2m[nio-8080-exec-9 ][0;39m [32mnet.mingsoft.basic.dao.IManagerDao.getByEntity[0;39m:137 [2m:[0;39m <==      Total: 1
[2m2022-04-08 15:52:21.434[0;39m [[32mDEBUG[0;39m] [35m19536[0;39m [2m[nio-8080-exec-9 ][0;39m [32mnet.mingsoft.basic.dao.IModelDao[0;39m:60 [2m:[0;39m Cache Hit Ratio [net.mingsoft.basic.dao.IModelDao]: 0.9444444444444444
[2m2022-04-08 15:52:21.435[0;39m [[32mDEBUG[0;39m] [35m19536[0;39m [2m[nio-8080-exec-9 ][0;39m [32mnet.mingsoft.basic.dao.IManagerDao[0;39m:60 [2m:[0;39m Cache Hit Ratio [net.mingsoft.basic.dao.IManagerDao]: 0.5555555555555556
[2m2022-04-08 15:52:21.436[0;39m [[32mDEBUG[0;39m] [35m19536[0;39m [2m[nio-8080-exec-9 ][0;39m [32mnet.mingsoft.basic.dao.IModelDao[0;39m:60 [2m:[0;39m Cache Hit Ratio [net.mingsoft.basic.dao.IModelDao]: 0.9473684210526315
[2m2022-04-08 15:52:21.436[0;39m [[32mDEBUG[0;39m] [35m19536[0;39m [2m[nio-8080-exec-9 ][0;39m [32mnet.mingsoft.basic.dao.IManagerDao[0;39m:60 [2m:[0;39m Cache Hit Ratio [net.mingsoft.basic.dao.IManagerDao]: 0.5714285714285714
[2m2022-04-08 15:52:21.437[0;39m [[32mDEBUG[0;39m] [35m19536[0;39m [2m[nio-8080-exec-9 ][0;39m [32mnet.mingsoft.basic.dao.IModelDao[0;39m:60 [2m:[0;39m Cache Hit Ratio [net.mingsoft.basic.dao.IModelDao]: 0.95
[2m2022-04-08 15:52:21.438[0;39m [[32mDEBUG[0;39m] [35m19536[0;39m [2m[nio-8080-exec-9 ][0;39m [32mnet.mingsoft.basic.dao.IManagerDao[0;39m:60 [2m:[0;39m Cache Hit Ratio [net.mingsoft.basic.dao.IManagerDao]: 0.5862068965517241
[2m2022-04-08 15:52:21.438[0;39m [[32mDEBUG[0;39m] [35m19536[0;39m [2m[nio-8080-exec-9 ][0;39m [32mnet.mingsoft.basic.dao.IModelDao[0;39m:60 [2m:[0;39m Cache Hit Ratio [net.mingsoft.basic.dao.IModelDao]: 0.9523809523809523
[2m2022-04-08 15:52:21.439[0;39m [[32mDEBUG[0;39m] [35m19536[0;39m [2m[nio-8080-exec-9 ][0;39m [32mnet.mingsoft.basic.dao.IManagerDao[0;39m:60 [2m:[0;39m Cache Hit Ratio [net.mingsoft.basic.dao.IManagerDao]: 0.6
[2m2022-04-08 15:52:21.440[0;39m [[32mDEBUG[0;39m] [35m19536[0;39m [2m[nio-8080-exec-9 ][0;39m [32mnet.mingsoft.basic.dao.IModelDao[0;39m:60 [2m:[0;39m Cache Hit Ratio [net.mingsoft.basic.dao.IModelDao]: 0.9545454545454546
[2m2022-04-08 15:52:21.440[0;39m [[32mDEBUG[0;39m] [35m19536[0;39m [2m[nio-8080-exec-9 ][0;39m [32mnet.mingsoft.basic.dao.IManagerDao[0;39m:60 [2m:[0;39m Cache Hit Ratio [net.mingsoft.basic.dao.IManagerDao]: 0.6129032258064516
[2m2022-04-08 15:52:21.441[0;39m [[32mDEBUG[0;39m] [35m19536[0;39m [2m[nio-8080-exec-9 ][0;39m [32mnet.mingsoft.basic.dao.IModelDao[0;39m:60 [2m:[0;39m Cache Hit Ratio [net.mingsoft.basic.dao.IModelDao]: 0.9565217391304348
[2m2022-04-08 15:52:21.441[0;39m [[32mDEBUG[0;39m] [35m19536[0;39m [2m[nio-8080-exec-9 ][0;39m [32mnet.mingsoft.basic.dao.IManagerDao[0;39m:60 [2m:[0;39m Cache Hit Ratio [net.mingsoft.basic.dao.IManagerDao]: 0.625
[2m2022-04-08 15:52:21.442[0;39m [[32mDEBUG[0;39m] [35m19536[0;39m [2m[nio-8080-exec-9 ][0;39m [32mnet.mingsoft.basic.dao.IModelDao[0;39m:60 [2m:[0;39m Cache Hit Ratio [net.mingsoft.basic.dao.IModelDao]: 0.9583333333333334
[2m2022-04-08 15:52:21.941[0;39m [[32mDEBUG[0;39m] [35m19536[0;39m [2m[nio-8080-exec-6 ][0;39m [32mnet.mingsoft.basic.dao.IModelDao.selectList[0;39m:137 [2m:[0;39m ==>  Preparing: SELECT id,model_title,model_datetime,model_id,model_url,model_code,is_child,model_icon,model_sort,model_ismenu,model_parent_ids,create_by,create_date,del,update_by,update_date FROM model
[2m2022-04-08 15:52:21.941[0;39m [[32mDEBUG[0;39m] [35m19536[0;39m [2m[nio-8080-exec-6 ][0;39m [32mnet.mingsoft.basic.dao.IModelDao.selectList[0;39m:137 [2m:[0;39m ==> Parameters: 
[2m2022-04-08 15:52:21.947[0;39m [[32mDEBUG[0;39m] [35m19536[0;39m [2m[nio-8080-exec-6 ][0;39m [32mnet.mingsoft.basic.dao.IModelDao.selectList[0;39m:137 [2m:[0;39m <==      Total: 74
[2m2022-04-08 15:52:23.453[0;39m [[32mDEBUG[0;39m] [35m19536[0;39m [2m[nio-8080-exec-3 ][0;39m [32mnet.mingsoft.basic.dao.IManagerDao[0;39m:60 [2m:[0;39m Cache Hit Ratio [net.mingsoft.basic.dao.IManagerDao]: 0.6363636363636364
[2m2022-04-08 15:52:23.454[0;39m [[32mDEBUG[0;39m] [35m19536[0;39m [2m[nio-8080-exec-3 ][0;39m [32mnet.mingsoft.basic.dao.IModelDao[0;39m:60 [2m:[0;39m Cache Hit Ratio [net.mingsoft.basic.dao.IModelDao]: 0.96
[2m2022-04-08 15:52:23.455[0;39m [[32mDEBUG[0;39m] [35m19536[0;39m [2m[nio-8080-exec-3 ][0;39m [32mnet.mingsoft.basic.dao.IManagerDao[0;39m:60 [2m:[0;39m Cache Hit Ratio [net.mingsoft.basic.dao.IManagerDao]: 0.6470588235294118
[2m2022-04-08 15:52:23.457[0;39m [[32mDEBUG[0;39m] [35m19536[0;39m [2m[nio-8080-exec-3 ][0;39m [32mnet.mingsoft.basic.dao.IModelDao[0;39m:60 [2m:[0;39m Cache Hit Ratio [net.mingsoft.basic.dao.IModelDao]: 0.9615384615384616
[2m2022-04-08 15:52:23.458[0;39m [[32mDEBUG[0;39m] [35m19536[0;39m [2m[nio-8080-exec-3 ][0;39m [32mnet.mingsoft.basic.dao.IManagerDao[0;39m:60 [2m:[0;39m Cache Hit Ratio [net.mingsoft.basic.dao.IManagerDao]: 0.6571428571428571
[2m2022-04-08 15:52:23.459[0;39m [[32mDEBUG[0;39m] [35m19536[0;39m [2m[nio-8080-exec-3 ][0;39m [32mnet.mingsoft.basic.dao.IModelDao[0;39m:60 [2m:[0;39m Cache Hit Ratio [net.mingsoft.basic.dao.IModelDao]: 0.9629629629629629
[2m2022-04-08 15:52:23.460[0;39m [[32mDEBUG[0;39m] [35m19536[0;39m [2m[nio-8080-exec-3 ][0;39m [32mnet.mingsoft.basic.dao.IManagerDao[0;39m:60 [2m:[0;39m Cache Hit Ratio [net.mingsoft.basic.dao.IManagerDao]: 0.6666666666666666
[2m2022-04-08 15:52:23.461[0;39m [[32mDEBUG[0;39m] [35m19536[0;39m [2m[nio-8080-exec-3 ][0;39m [32mnet.mingsoft.basic.dao.IModelDao[0;39m:60 [2m:[0;39m Cache Hit Ratio [net.mingsoft.basic.dao.IModelDao]: 0.9642857142857143
[2m2022-04-08 15:52:24.417[0;39m [[32mDEBUG[0;39m] [35m19536[0;39m [2m[nio-8080-exec-5 ][0;39m [32mnet.mingsoft.basic.dao.IRoleDao[0;39m:60 [2m:[0;39m Cache Hit Ratio [net.mingsoft.basic.dao.IRoleDao]: 0.3333333333333333
[2m2022-04-08 15:52:24.418[0;39m [[32mDEBUG[0;39m] [35m19536[0;39m [2m[nio-8080-exec-5 ][0;39m [32mnet.mingsoft.basic.dao.IRoleDao[0;39m:60 [2m:[0;39m Cache Hit Ratio [net.mingsoft.basic.dao.IRoleDao]: 0.5
[2m2022-04-08 15:52:28.684[0;39m [[32mDEBUG[0;39m] [35m19536[0;39m [2m[io-8080-exec-10 ][0;39m [32mnet.mingsoft.basic.dao.IModelDao.selectList[0;39m:137 [2m:[0;39m ==>  Preparing: SELECT id,model_title,model_datetime,model_id,model_url,model_code,is_child,model_icon,model_sort,model_ismenu,model_parent_ids,create_by,create_date,del,update_by,update_date FROM model
[2m2022-04-08 15:52:28.685[0;39m [[32mDEBUG[0;39m] [35m19536[0;39m [2m[io-8080-exec-10 ][0;39m [32mnet.mingsoft.basic.dao.IModelDao.selectList[0;39m:137 [2m:[0;39m ==> Parameters: 
[2m2022-04-08 15:52:28.690[0;39m [[32mDEBUG[0;39m] [35m19536[0;39m [2m[io-8080-exec-10 ][0;39m [32mnet.mingsoft.basic.dao.IModelDao.selectList[0;39m:137 [2m:[0;39m <==      Total: 74
[2m2022-04-08 15:52:28.691[0;39m [[32mDEBUG[0;39m] [35m19536[0;39m [2m[io-8080-exec-10 ][0;39m [32mnet.mingsoft.basic.dao.IRoleModelDao[0;39m:60 [2m:[0;39m Cache Hit Ratio [net.mingsoft.basic.dao.IRoleModelDao]: 0.0
[2m2022-04-08 15:52:28.691[0;39m [[32mDEBUG[0;39m] [35m19536[0;39m [2m[io-8080-exec-10 ][0;39m [32mnet.mingsoft.basic.dao.IRoleModelDao.queryByRoleId[0;39m:137 [2m:[0;39m ==>  Preparing: select * from role_model where ROLE_ID=?
[2m2022-04-08 15:52:28.691[0;39m [[32mDEBUG[0;39m] [35m19536[0;39m [2m[io-8080-exec-10 ][0;39m [32mnet.mingsoft.basic.dao.IRoleModelDao.queryByRoleId[0;39m:137 [2m:[0;39m ==> Parameters: 48(Integer)
[2m2022-04-08 15:52:28.720[0;39m [[32mDEBUG[0;39m] [35m19536[0;39m [2m[io-8080-exec-10 ][0;39m [32mnet.mingsoft.basic.dao.IRoleModelDao.queryByRoleId[0;39m:137 [2m:[0;39m <==      Total: 74
[2m2022-04-08 15:52:37.159[0;39m [[32mDEBUG[0;39m] [35m19536[0;39m [2m[nio-8080-exec-1 ][0;39m [32mnet.mingsoft.basic.dao.IRoleDao[0;39m:60 [2m:[0;39m Cache Hit Ratio [net.mingsoft.basic.dao.IRoleDao]: 0.6
[2m2022-04-08 15:52:37.159[0;39m [[32mDEBUG[0;39m] [35m19536[0;39m [2m[nio-8080-exec-1 ][0;39m [32mnet.mingsoft.basic.dao.IRoleDao[0;39m:60 [2m:[0;39m Cache Hit Ratio [net.mingsoft.basic.dao.IRoleDao]: 0.6666666666666666
